{"C:\\Users\\Paulo Rezende\\OneDrive\\Área de Trabalho\\Estudos Programação\\INDT\\TESTES\\projeto-typescript-aula\\src\\server.ts": {"path":"C:\\Users\\Paulo Rezende\\OneDrive\\Área de Trabalho\\Estudos Programação\\INDT\\TESTES\\projeto-typescript-aula\\src\\server.ts","statementMap":{"0":{"start":{"line":16,"column":0},"end":{"line":16,"column":null}},"1":{"start":{"line":18,"column":21},"end":{"line":18,"column":null}},"2":{"start":{"line":21,"column":13},"end":{"line":21,"column":28}},"3":{"start":{"line":23,"column":13},"end":{"line":23,"column":null}},"4":{"start":{"line":25,"column":0},"end":{"line":25,"column":null}},"5":{"start":{"line":27,"column":0},"end":{"line":32,"column":null}},"6":{"start":{"line":34,"column":0},"end":{"line":36,"column":null}},"7":{"start":{"line":38,"column":0},"end":{"line":43,"column":null}},"8":{"start":{"line":45,"column":0},"end":{"line":45,"column":null}},"9":{"start":{"line":46,"column":0},"end":{"line":46,"column":null}},"10":{"start":{"line":48,"column":0},"end":{"line":48,"column":null}},"11":{"start":{"line":50,"column":0},"end":{"line":50,"column":null}},"12":{"start":{"line":52,"column":0},"end":{"line":54,"column":null}},"13":{"start":{"line":53,"column":4},"end":{"line":53,"column":null}},"14":{"start":{"line":56,"column":0},"end":{"line":56,"column":null}},"15":{"start":{"line":60,"column":0},"end":{"line":72,"column":null}},"16":{"start":{"line":62,"column":8},"end":{"line":62,"column":null}},"17":{"start":{"line":65,"column":8},"end":{"line":68,"column":null}},"18":{"start":{"line":66,"column":12},"end":{"line":68,"column":null}},"19":{"start":{"line":67,"column":16},"end":{"line":67,"column":null}},"20":{"start":{"line":72,"column":8},"end":{"line":72,"column":null}}},"fnMap":{"0":{"name":"(anonymous_0)","decl":{"start":{"line":52,"column":8},"end":{"line":52,"column":20}},"loc":{"start":{"line":52,"column":33},"end":{"line":54,"column":null}},"line":52},"1":{"name":"(anonymous_1)","decl":{"start":{"line":61,"column":5},"end":{"line":61,"column":16}},"loc":{"start":{"line":61,"column":16},"end":{"line":70,"column":null}},"line":61},"2":{"name":"(anonymous_2)","decl":{"start":{"line":66,"column":23},"end":{"line":66,"column":35}},"loc":{"start":{"line":66,"column":35},"end":{"line":68,"column":null}},"line":66},"3":{"name":"(anonymous_3)","decl":{"start":{"line":71,"column":5},"end":{"line":71,"column":12}},"loc":{"start":{"line":71,"column":22},"end":{"line":72,"column":null}},"line":71}},"branchMap":{"0":{"loc":{"start":{"line":18,"column":21},"end":{"line":18,"column":null}},"type":"binary-expr","locations":[{"start":{"line":18,"column":21},"end":{"line":18,"column":49}},{"start":{"line":18,"column":49},"end":{"line":18,"column":null}}],"line":18},"1":{"loc":{"start":{"line":23,"column":13},"end":{"line":23,"column":null}},"type":"binary-expr","locations":[{"start":{"line":23,"column":13},"end":{"line":23,"column":33}},{"start":{"line":23,"column":33},"end":{"line":23,"column":null}}],"line":23},"2":{"loc":{"start":{"line":65,"column":8},"end":{"line":68,"column":null}},"type":"if","locations":[{"start":{"line":65,"column":8},"end":{"line":68,"column":null}},{"start":{},"end":{}}],"line":65}},"s":{"0":1,"1":1,"2":1,"3":1,"4":1,"5":1,"6":1,"7":1,"8":1,"9":1,"10":1,"11":1,"12":1,"13":1,"14":1,"15":1,"16":0,"17":0,"18":0,"19":0,"20":0},"f":{"0":1,"1":0,"2":0,"3":0},"b":{"0":[1,1],"1":[1,0],"2":[0,0]},"meta":{"lastBranch":3,"lastFunction":4,"lastStatement":21,"seen":{"s:16:0:16:Infinity":0,"s:18:21:18:Infinity":1,"b:18:21:18:49:18:49:18:Infinity":0,"s:21:13:21:28":2,"s:23:13:23:Infinity":3,"b:23:13:23:33:23:33:23:Infinity":1,"s:25:0:25:Infinity":4,"s:27:0:32:Infinity":5,"s:34:0:36:Infinity":6,"s:38:0:43:Infinity":7,"s:45:0:45:Infinity":8,"s:46:0:46:Infinity":9,"s:48:0:48:Infinity":10,"s:50:0:50:Infinity":11,"s:52:0:54:Infinity":12,"f:52:8:52:20":0,"s:53:4:53:Infinity":13,"s:56:0:56:Infinity":14,"s:60:0:72:Infinity":15,"f:61:5:61:16":1,"s:62:8:62:Infinity":16,"b:65:8:68:Infinity:undefined:undefined:undefined:undefined":2,"s:65:8:68:Infinity":17,"s:66:12:68:Infinity":18,"f:66:23:66:35":2,"s:67:16:67:Infinity":19,"f:71:5:71:12":3,"s:72:8:72:Infinity":20}}}
,"C:\\Users\\Paulo Rezende\\OneDrive\\Área de Trabalho\\Estudos Programação\\INDT\\TESTES\\projeto-typescript-aula\\src\\config\\jwt.config.ts": {"path":"C:\\Users\\Paulo Rezende\\OneDrive\\Área de Trabalho\\Estudos Programação\\INDT\\TESTES\\projeto-typescript-aula\\src\\config\\jwt.config.ts","statementMap":{"0":{"start":{"line":4,"column":0},"end":{"line":4,"column":null}},"1":{"start":{"line":18,"column":16},"end":{"line":18,"column":null}},"2":{"start":{"line":19,"column":2},"end":{"line":20,"column":null}},"3":{"start":{"line":20,"column":4},"end":{"line":20,"column":null}},"4":{"start":{"line":22,"column":2},"end":{"line":22,"column":null}},"5":{"start":{"line":25,"column":25},"end":{"line":34,"column":null}}},"fnMap":{"0":{"name":"getEnvOrThrow","decl":{"start":{"line":17,"column":9},"end":{"line":17,"column":23}},"loc":{"start":{"line":17,"column":45},"end":{"line":22,"column":null}},"line":17}},"branchMap":{"0":{"loc":{"start":{"line":19,"column":2},"end":{"line":20,"column":null}},"type":"if","locations":[{"start":{"line":19,"column":2},"end":{"line":20,"column":null}},{"start":{},"end":{}}],"line":19}},"s":{"0":1,"1":4,"2":4,"3":0,"4":4,"5":1},"f":{"0":4},"b":{"0":[0,4]},"meta":{"lastBranch":1,"lastFunction":1,"lastStatement":6,"seen":{"s:4:0:4:Infinity":0,"f:17:9:17:23":0,"s:18:16:18:Infinity":1,"b:19:2:20:Infinity:undefined:undefined:undefined:undefined":0,"s:19:2:20:Infinity":2,"s:20:4:20:Infinity":3,"s:22:2:22:Infinity":4,"s:25:25:34:Infinity":5}}}
,"C:\\Users\\Paulo Rezende\\OneDrive\\Área de Trabalho\\Estudos Programação\\INDT\\TESTES\\projeto-typescript-aula\\src\\controllers\\AreaController.ts": {"path":"C:\\Users\\Paulo Rezende\\OneDrive\\Área de Trabalho\\Estudos Programação\\INDT\\TESTES\\projeto-typescript-aula\\src\\controllers\\AreaController.ts","statementMap":{"0":{"start":{"line":8,"column":8},"end":{"line":8,"column":null}},"1":{"start":{"line":12,"column":22},"end":{"line":12,"column":54}},"2":{"start":{"line":13,"column":8},"end":{"line":13,"column":null}},"3":{"start":{"line":17,"column":23},"end":{"line":17,"column":null}},"4":{"start":{"line":18,"column":21},"end":{"line":18,"column":66}},"5":{"start":{"line":19,"column":8},"end":{"line":19,"column":null}},"6":{"start":{"line":23,"column":23},"end":{"line":23,"column":null}},"7":{"start":{"line":24,"column":25},"end":{"line":24,"column":80}},"8":{"start":{"line":26,"column":8},"end":{"line":26,"column":null}},"9":{"start":{"line":30,"column":21},"end":{"line":30,"column":60}},"10":{"start":{"line":31,"column":8},"end":{"line":31,"column":null}},"11":{"start":{"line":35,"column":23},"end":{"line":35,"column":null}},"12":{"start":{"line":36,"column":21},"end":{"line":36,"column":74}},"13":{"start":{"line":37,"column":8},"end":{"line":37,"column":null}},"14":{"start":{"line":41,"column":23},"end":{"line":41,"column":null}},"15":{"start":{"line":42,"column":8},"end":{"line":42,"column":null}},"16":{"start":{"line":43,"column":8},"end":{"line":43,"column":null}},"17":{"start":{"line":48,"column":23},"end":{"line":48,"column":null}},"18":{"start":{"line":49,"column":23},"end":{"line":49,"column":79}},"19":{"start":{"line":50,"column":8},"end":{"line":50,"column":null}}},"fnMap":{"0":{"name":"(anonymous_0)","decl":{"start":{"line":7,"column":4},"end":{"line":7,"column":16}},"loc":{"start":{"line":7,"column":42},"end":{"line":8,"column":null}},"line":7},"1":{"name":"(anonymous_1)","decl":{"start":{"line":11,"column":17},"end":{"line":11,"column":25}},"loc":{"start":{"line":11,"column":54},"end":{"line":13,"column":null}},"line":11},"2":{"name":"(anonymous_2)","decl":{"start":{"line":16,"column":17},"end":{"line":16,"column":26}},"loc":{"start":{"line":16,"column":55},"end":{"line":19,"column":null}},"line":16},"3":{"name":"(anonymous_3)","decl":{"start":{"line":22,"column":17},"end":{"line":22,"column":29}},"loc":{"start":{"line":22,"column":58},"end":{"line":26,"column":null}},"line":22},"4":{"name":"(anonymous_4)","decl":{"start":{"line":29,"column":17},"end":{"line":29,"column":24}},"loc":{"start":{"line":29,"column":53},"end":{"line":31,"column":null}},"line":29},"5":{"name":"(anonymous_5)","decl":{"start":{"line":34,"column":17},"end":{"line":34,"column":24}},"loc":{"start":{"line":34,"column":53},"end":{"line":37,"column":null}},"line":34},"6":{"name":"(anonymous_6)","decl":{"start":{"line":40,"column":17},"end":{"line":40,"column":24}},"loc":{"start":{"line":40,"column":53},"end":{"line":43,"column":null}},"line":40},"7":{"name":"(anonymous_7)","decl":{"start":{"line":46,"column":17},"end":{"line":46,"column":32}},"loc":{"start":{"line":46,"column":61},"end":{"line":50,"column":null}},"line":46}},"branchMap":{},"s":{"0":1,"1":0,"2":0,"3":0,"4":0,"5":0,"6":0,"7":0,"8":0,"9":0,"10":0,"11":0,"12":0,"13":0,"14":0,"15":0,"16":0,"17":0,"18":0,"19":0},"f":{"0":1,"1":0,"2":0,"3":0,"4":0,"5":0,"6":0,"7":0},"b":{},"meta":{"lastBranch":0,"lastFunction":8,"lastStatement":20,"seen":{"f:7:4:7:16":0,"s:8:8:8:Infinity":0,"f:11:17:11:25":1,"s:12:22:12:54":1,"s:13:8:13:Infinity":2,"f:16:17:16:26":2,"s:17:23:17:Infinity":3,"s:18:21:18:66":4,"s:19:8:19:Infinity":5,"f:22:17:22:29":3,"s:23:23:23:Infinity":6,"s:24:25:24:80":7,"s:26:8:26:Infinity":8,"f:29:17:29:24":4,"s:30:21:30:60":9,"s:31:8:31:Infinity":10,"f:34:17:34:24":5,"s:35:23:35:Infinity":11,"s:36:21:36:74":12,"s:37:8:37:Infinity":13,"f:40:17:40:24":6,"s:41:23:41:Infinity":14,"s:42:8:42:Infinity":15,"s:43:8:43:Infinity":16,"f:46:17:46:32":7,"s:48:23:48:Infinity":17,"s:49:23:49:79":18,"s:50:8:50:Infinity":19}}}
,"C:\\Users\\Paulo Rezende\\OneDrive\\Área de Trabalho\\Estudos Programação\\INDT\\TESTES\\projeto-typescript-aula\\src\\controllers\\AuthController.ts": {"path":"C:\\Users\\Paulo Rezende\\OneDrive\\Área de Trabalho\\Estudos Programação\\INDT\\TESTES\\projeto-typescript-aula\\src\\controllers\\AuthController.ts","statementMap":{"0":{"start":{"line":13,"column":8},"end":{"line":13,"column":null}},"1":{"start":{"line":14,"column":8},"end":{"line":14,"column":null}},"2":{"start":{"line":15,"column":8},"end":{"line":15,"column":null}},"3":{"start":{"line":19,"column":26},"end":{"line":19,"column":null}},"4":{"start":{"line":20,"column":19},"end":{"line":20,"column":null}},"5":{"start":{"line":21,"column":32},"end":{"line":21,"column":null}},"6":{"start":{"line":23,"column":23},"end":{"line":23,"column":89}},"7":{"start":{"line":24,"column":8},"end":{"line":24,"column":null}},"8":{"start":{"line":29,"column":33},"end":{"line":29,"column":null}},"9":{"start":{"line":30,"column":26},"end":{"line":30,"column":null}},"10":{"start":{"line":31,"column":19},"end":{"line":31,"column":null}},"11":{"start":{"line":33,"column":23},"end":{"line":33,"column":85}},"12":{"start":{"line":34,"column":8},"end":{"line":34,"column":null}},"13":{"start":{"line":39,"column":33},"end":{"line":39,"column":null}},"14":{"start":{"line":40,"column":8},"end":{"line":40,"column":null}},"15":{"start":{"line":41,"column":8},"end":{"line":41,"column":null}}},"fnMap":{"0":{"name":"(anonymous_0)","decl":{"start":{"line":12,"column":4},"end":{"line":12,"column":16}},"loc":{"start":{"line":12,"column":109},"end":{"line":15,"column":null}},"line":12},"1":{"name":"(anonymous_1)","decl":{"start":{"line":18,"column":10},"end":{"line":18,"column":16}},"loc":{"start":{"line":18,"column":45},"end":{"line":24,"column":null}},"line":18},"2":{"name":"(anonymous_2)","decl":{"start":{"line":28,"column":10},"end":{"line":28,"column":23}},"loc":{"start":{"line":28,"column":52},"end":{"line":34,"column":null}},"line":28},"3":{"name":"(anonymous_3)","decl":{"start":{"line":38,"column":10},"end":{"line":38,"column":17}},"loc":{"start":{"line":38,"column":46},"end":{"line":41,"column":null}},"line":38}},"branchMap":{"0":{"loc":{"start":{"line":19,"column":26},"end":{"line":19,"column":null}},"type":"binary-expr","locations":[{"start":{"line":19,"column":26},"end":{"line":19,"column":55}},{"start":{"line":19,"column":55},"end":{"line":19,"column":null}}],"line":19},"1":{"loc":{"start":{"line":30,"column":26},"end":{"line":30,"column":null}},"type":"binary-expr","locations":[{"start":{"line":30,"column":26},"end":{"line":30,"column":55}},{"start":{"line":30,"column":55},"end":{"line":30,"column":null}}],"line":30}},"s":{"0":1,"1":1,"2":1,"3":0,"4":0,"5":0,"6":0,"7":0,"8":0,"9":0,"10":0,"11":0,"12":0,"13":0,"14":0,"15":0},"f":{"0":1,"1":0,"2":0,"3":0},"b":{"0":[0,0],"1":[0,0]},"meta":{"lastBranch":2,"lastFunction":4,"lastStatement":16,"seen":{"f:12:4:12:16":0,"s:13:8:13:Infinity":0,"s:14:8:14:Infinity":1,"s:15:8:15:Infinity":2,"f:18:10:18:16":1,"s:19:26:19:Infinity":3,"b:19:26:19:55:19:55:19:Infinity":0,"s:20:19:20:Infinity":4,"s:21:32:21:Infinity":5,"s:23:23:23:89":6,"s:24:8:24:Infinity":7,"f:28:10:28:23":2,"s:29:33:29:Infinity":8,"s:30:26:30:Infinity":9,"b:30:26:30:55:30:55:30:Infinity":1,"s:31:19:31:Infinity":10,"s:33:23:33:85":11,"s:34:8:34:Infinity":12,"f:38:10:38:17":3,"s:39:33:39:Infinity":13,"s:40:8:40:Infinity":14,"s:41:8:41:Infinity":15}}}
,"C:\\Users\\Paulo Rezende\\OneDrive\\Área de Trabalho\\Estudos Programação\\INDT\\TESTES\\projeto-typescript-aula\\src\\controllers\\LeituraController.ts": {"path":"C:\\Users\\Paulo Rezende\\OneDrive\\Área de Trabalho\\Estudos Programação\\INDT\\TESTES\\projeto-typescript-aula\\src\\controllers\\LeituraController.ts","statementMap":{"0":{"start":{"line":8,"column":8},"end":{"line":8,"column":null}},"1":{"start":{"line":12,"column":25},"end":{"line":12,"column":60}},"2":{"start":{"line":13,"column":8},"end":{"line":13,"column":null}},"3":{"start":{"line":17,"column":23},"end":{"line":17,"column":null}},"4":{"start":{"line":18,"column":24},"end":{"line":18,"column":72}},"5":{"start":{"line":19,"column":8},"end":{"line":19,"column":null}},"6":{"start":{"line":23,"column":21},"end":{"line":23,"column":null}},"7":{"start":{"line":24,"column":24},"end":{"line":24,"column":62}},"8":{"start":{"line":25,"column":8},"end":{"line":25,"column":null}},"9":{"start":{"line":29,"column":23},"end":{"line":29,"column":null}},"10":{"start":{"line":30,"column":21},"end":{"line":30,"column":null}},"11":{"start":{"line":31,"column":24},"end":{"line":31,"column":76}},"12":{"start":{"line":32,"column":8},"end":{"line":32,"column":null}},"13":{"start":{"line":36,"column":23},"end":{"line":36,"column":null}},"14":{"start":{"line":37,"column":8},"end":{"line":37,"column":null}},"15":{"start":{"line":38,"column":8},"end":{"line":38,"column":null}},"16":{"start":{"line":45,"column":27},"end":{"line":45,"column":null}},"17":{"start":{"line":46,"column":22},"end":{"line":46,"column":51}},"18":{"start":{"line":48,"column":25},"end":{"line":48,"column":90}},"19":{"start":{"line":50,"column":8},"end":{"line":50,"column":null}}},"fnMap":{"0":{"name":"(anonymous_0)","decl":{"start":{"line":7,"column":4},"end":{"line":7,"column":16}},"loc":{"start":{"line":7,"column":48},"end":{"line":8,"column":null}},"line":7},"1":{"name":"(anonymous_1)","decl":{"start":{"line":11,"column":17},"end":{"line":11,"column":25}},"loc":{"start":{"line":11,"column":54},"end":{"line":13,"column":null}},"line":11},"2":{"name":"(anonymous_2)","decl":{"start":{"line":16,"column":17},"end":{"line":16,"column":26}},"loc":{"start":{"line":16,"column":55},"end":{"line":19,"column":null}},"line":16},"3":{"name":"(anonymous_3)","decl":{"start":{"line":22,"column":17},"end":{"line":22,"column":24}},"loc":{"start":{"line":22,"column":53},"end":{"line":25,"column":null}},"line":22},"4":{"name":"(anonymous_4)","decl":{"start":{"line":28,"column":17},"end":{"line":28,"column":24}},"loc":{"start":{"line":28,"column":53},"end":{"line":32,"column":null}},"line":28},"5":{"name":"(anonymous_5)","decl":{"start":{"line":35,"column":17},"end":{"line":35,"column":24}},"loc":{"start":{"line":35,"column":53},"end":{"line":38,"column":null}},"line":35},"6":{"name":"(anonymous_6)","decl":{"start":{"line":41,"column":17},"end":{"line":41,"column":null}},"loc":{"start":{"line":44,"column":10},"end":{"line":50,"column":null}},"line":44}},"branchMap":{"0":{"loc":{"start":{"line":46,"column":29},"end":{"line":46,"column":51}},"type":"binary-expr","locations":[{"start":{"line":46,"column":29},"end":{"line":46,"column":48}},{"start":{"line":46,"column":48},"end":{"line":46,"column":51}}],"line":46}},"s":{"0":1,"1":0,"2":0,"3":0,"4":0,"5":0,"6":0,"7":0,"8":0,"9":0,"10":0,"11":0,"12":0,"13":0,"14":0,"15":0,"16":0,"17":0,"18":0,"19":0},"f":{"0":1,"1":0,"2":0,"3":0,"4":0,"5":0,"6":0},"b":{"0":[0,0]},"meta":{"lastBranch":1,"lastFunction":7,"lastStatement":20,"seen":{"f:7:4:7:16":0,"s:8:8:8:Infinity":0,"f:11:17:11:25":1,"s:12:25:12:60":1,"s:13:8:13:Infinity":2,"f:16:17:16:26":2,"s:17:23:17:Infinity":3,"s:18:24:18:72":4,"s:19:8:19:Infinity":5,"f:22:17:22:24":3,"s:23:21:23:Infinity":6,"s:24:24:24:62":7,"s:25:8:25:Infinity":8,"f:28:17:28:24":4,"s:29:23:29:Infinity":9,"s:30:21:30:Infinity":10,"s:31:24:31:76":11,"s:32:8:32:Infinity":12,"f:35:17:35:24":5,"s:36:23:36:Infinity":13,"s:37:8:37:Infinity":14,"s:38:8:38:Infinity":15,"f:41:17:41:Infinity":6,"s:45:27:45:Infinity":16,"s:46:22:46:51":17,"b:46:29:46:48:46:48:46:51":0,"s:48:25:48:90":18,"s:50:8:50:Infinity":19}}}
,"C:\\Users\\Paulo Rezende\\OneDrive\\Área de Trabalho\\Estudos Programação\\INDT\\TESTES\\projeto-typescript-aula\\src\\controllers\\PesquisadorController.ts": {"path":"C:\\Users\\Paulo Rezende\\OneDrive\\Área de Trabalho\\Estudos Programação\\INDT\\TESTES\\projeto-typescript-aula\\src\\controllers\\PesquisadorController.ts","statementMap":{"0":{"start":{"line":9,"column":8},"end":{"line":9,"column":null}},"1":{"start":{"line":13,"column":30},"end":{"line":13,"column":69}},"2":{"start":{"line":14,"column":8},"end":{"line":14,"column":null}},"3":{"start":{"line":18,"column":23},"end":{"line":18,"column":null}},"4":{"start":{"line":19,"column":28},"end":{"line":19,"column":80}},"5":{"start":{"line":20,"column":8},"end":{"line":20,"column":null}},"6":{"start":{"line":24,"column":21},"end":{"line":24,"column":null}},"7":{"start":{"line":25,"column":28},"end":{"line":25,"column":70}},"8":{"start":{"line":26,"column":8},"end":{"line":26,"column":null}},"9":{"start":{"line":30,"column":23},"end":{"line":30,"column":null}},"10":{"start":{"line":31,"column":21},"end":{"line":31,"column":null}},"11":{"start":{"line":32,"column":28},"end":{"line":32,"column":84}},"12":{"start":{"line":33,"column":8},"end":{"line":33,"column":null}},"13":{"start":{"line":37,"column":23},"end":{"line":37,"column":null}},"14":{"start":{"line":38,"column":8},"end":{"line":38,"column":null}},"15":{"start":{"line":39,"column":8},"end":{"line":39,"column":null}}},"fnMap":{"0":{"name":"(anonymous_0)","decl":{"start":{"line":8,"column":4},"end":{"line":8,"column":16}},"loc":{"start":{"line":8,"column":56},"end":{"line":9,"column":null}},"line":8},"1":{"name":"(anonymous_1)","decl":{"start":{"line":12,"column":17},"end":{"line":12,"column":25}},"loc":{"start":{"line":12,"column":54},"end":{"line":14,"column":null}},"line":12},"2":{"name":"(anonymous_2)","decl":{"start":{"line":17,"column":17},"end":{"line":17,"column":26}},"loc":{"start":{"line":17,"column":55},"end":{"line":20,"column":null}},"line":17},"3":{"name":"(anonymous_3)","decl":{"start":{"line":23,"column":17},"end":{"line":23,"column":24}},"loc":{"start":{"line":23,"column":53},"end":{"line":26,"column":null}},"line":23},"4":{"name":"(anonymous_4)","decl":{"start":{"line":29,"column":17},"end":{"line":29,"column":24}},"loc":{"start":{"line":29,"column":53},"end":{"line":33,"column":null}},"line":29},"5":{"name":"(anonymous_5)","decl":{"start":{"line":36,"column":17},"end":{"line":36,"column":24}},"loc":{"start":{"line":36,"column":53},"end":{"line":39,"column":null}},"line":36}},"branchMap":{},"s":{"0":1,"1":0,"2":0,"3":0,"4":0,"5":0,"6":0,"7":0,"8":0,"9":0,"10":0,"11":0,"12":0,"13":0,"14":0,"15":0},"f":{"0":1,"1":0,"2":0,"3":0,"4":0,"5":0},"b":{},"meta":{"lastBranch":0,"lastFunction":6,"lastStatement":16,"seen":{"f:8:4:8:16":0,"s:9:8:9:Infinity":0,"f:12:17:12:25":1,"s:13:30:13:69":1,"s:14:8:14:Infinity":2,"f:17:17:17:26":2,"s:18:23:18:Infinity":3,"s:19:28:19:80":4,"s:20:8:20:Infinity":5,"f:23:17:23:24":3,"s:24:21:24:Infinity":6,"s:25:28:25:70":7,"s:26:8:26:Infinity":8,"f:29:17:29:24":4,"s:30:23:30:Infinity":9,"s:31:21:31:Infinity":10,"s:32:28:32:84":11,"s:33:8:33:Infinity":12,"f:36:17:36:24":5,"s:37:23:37:Infinity":13,"s:38:8:38:Infinity":14,"s:39:8:39:Infinity":15}}}
,"C:\\Users\\Paulo Rezende\\OneDrive\\Área de Trabalho\\Estudos Programação\\INDT\\TESTES\\projeto-typescript-aula\\src\\controllers\\SensorController.ts": {"path":"C:\\Users\\Paulo Rezende\\OneDrive\\Área de Trabalho\\Estudos Programação\\INDT\\TESTES\\projeto-typescript-aula\\src\\controllers\\SensorController.ts","statementMap":{"0":{"start":{"line":8,"column":8},"end":{"line":8,"column":null}},"1":{"start":{"line":12,"column":24},"end":{"line":12,"column":64}},"2":{"start":{"line":13,"column":8},"end":{"line":13,"column":null}},"3":{"start":{"line":17,"column":23},"end":{"line":17,"column":67}},"4":{"start":{"line":18,"column":8},"end":{"line":18,"column":null}},"5":{"start":{"line":22,"column":23},"end":{"line":22,"column":null}},"6":{"start":{"line":23,"column":23},"end":{"line":23,"column":84}},"7":{"start":{"line":24,"column":8},"end":{"line":24,"column":null}},"8":{"start":{"line":28,"column":23},"end":{"line":28,"column":null}},"9":{"start":{"line":29,"column":8},"end":{"line":29,"column":null}},"10":{"start":{"line":30,"column":8},"end":{"line":30,"column":null}}},"fnMap":{"0":{"name":"(anonymous_0)","decl":{"start":{"line":7,"column":4},"end":{"line":7,"column":16}},"loc":{"start":{"line":7,"column":46},"end":{"line":8,"column":null}},"line":7},"1":{"name":"(anonymous_1)","decl":{"start":{"line":11,"column":17},"end":{"line":11,"column":31}},"loc":{"start":{"line":11,"column":60},"end":{"line":13,"column":null}},"line":11},"2":{"name":"(anonymous_2)","decl":{"start":{"line":16,"column":17},"end":{"line":16,"column":27}},"loc":{"start":{"line":16,"column":56},"end":{"line":18,"column":null}},"line":16},"3":{"name":"(anonymous_3)","decl":{"start":{"line":21,"column":17},"end":{"line":21,"column":30}},"loc":{"start":{"line":21,"column":59},"end":{"line":24,"column":null}},"line":21},"4":{"name":"(anonymous_4)","decl":{"start":{"line":27,"column":17},"end":{"line":27,"column":30}},"loc":{"start":{"line":27,"column":59},"end":{"line":30,"column":null}},"line":27}},"branchMap":{},"s":{"0":1,"1":0,"2":0,"3":0,"4":0,"5":0,"6":0,"7":0,"8":0,"9":0,"10":0},"f":{"0":1,"1":0,"2":0,"3":0,"4":0},"b":{},"meta":{"lastBranch":0,"lastFunction":5,"lastStatement":11,"seen":{"f:7:4:7:16":0,"s:8:8:8:Infinity":0,"f:11:17:11:31":1,"s:12:24:12:64":1,"s:13:8:13:Infinity":2,"f:16:17:16:27":2,"s:17:23:17:67":3,"s:18:8:18:Infinity":4,"f:21:17:21:30":3,"s:22:23:22:Infinity":5,"s:23:23:23:84":6,"s:24:8:24:Infinity":7,"f:27:17:27:30":4,"s:28:23:28:Infinity":8,"s:29:8:29:Infinity":9,"s:30:8:30:Infinity":10}}}
,"C:\\Users\\Paulo Rezende\\OneDrive\\Área de Trabalho\\Estudos Programação\\INDT\\TESTES\\projeto-typescript-aula\\src\\database\\appDataSource.ts": {"path":"C:\\Users\\Paulo Rezende\\OneDrive\\Área de Trabalho\\Estudos Programação\\INDT\\TESTES\\projeto-typescript-aula\\src\\database\\appDataSource.ts","statementMap":{"0":{"start":{"line":9,"column":0},"end":{"line":9,"column":null}},"1":{"start":{"line":11,"column":29},"end":{"line":23,"column":2}}},"fnMap":{},"branchMap":{},"s":{"0":1,"1":1},"f":{},"b":{},"meta":{"lastBranch":0,"lastFunction":0,"lastStatement":2,"seen":{"s:9:0:9:Infinity":0,"s:11:29:23:2":1}}}
,"C:\\Users\\Paulo Rezende\\OneDrive\\Área de Trabalho\\Estudos Programação\\INDT\\TESTES\\projeto-typescript-aula\\src\\entities\\Area.ts": {"path":"C:\\Users\\Paulo Rezende\\OneDrive\\Área de Trabalho\\Estudos Programação\\INDT\\TESTES\\projeto-typescript-aula\\src\\entities\\Area.ts","statementMap":{"0":{"start":{"line":6,"column":15},"end":{"line":36,"column":null}},"1":{"start":{"line":7,"column":5},"end":{"line":7,"column":null}},"2":{"start":{"line":10,"column":5},"end":{"line":10,"column":null}},"3":{"start":{"line":13,"column":5},"end":{"line":13,"column":null}},"4":{"start":{"line":16,"column":5},"end":{"line":16,"column":null}},"5":{"start":{"line":19,"column":5},"end":{"line":19,"column":null}},"6":{"start":{"line":22,"column":5},"end":{"line":22,"column":null}},"7":{"start":{"line":25,"column":5},"end":{"line":25,"column":null}},"8":{"start":{"line":28,"column":5},"end":{"line":28,"column":null}},"9":{"start":{"line":31,"column":5},"end":{"line":31,"column":null}},"10":{"start":{"line":35,"column":5},"end":{"line":35,"column":null}},"11":{"start":{"line":35,"column":21},"end":{"line":35,"column":30}},"12":{"start":{"line":35,"column":41},"end":{"line":35,"column":54}},"13":{"start":{"line":5,"column":1},"end":{"line":5,"column":null}}},"fnMap":{"0":{"name":"(anonymous_0)","decl":{"start":{"line":35,"column":5},"end":{"line":35,"column":21}},"loc":{"start":{"line":35,"column":21},"end":{"line":35,"column":30}},"line":35},"1":{"name":"(anonymous_1)","decl":{"start":{"line":35,"column":21},"end":{"line":35,"column":30}},"loc":{"start":{"line":35,"column":41},"end":{"line":35,"column":54}},"line":35}},"branchMap":{},"s":{"0":1,"1":1,"2":1,"3":1,"4":1,"5":1,"6":1,"7":1,"8":1,"9":1,"10":1,"11":0,"12":0,"13":1},"f":{"0":0,"1":0},"b":{},"meta":{"lastBranch":0,"lastFunction":2,"lastStatement":14,"seen":{"s:6:15:36:Infinity":0,"s:7:5:7:Infinity":1,"s:10:5:10:Infinity":2,"s:13:5:13:Infinity":3,"s:16:5:16:Infinity":4,"s:19:5:19:Infinity":5,"s:22:5:22:Infinity":6,"s:25:5:25:Infinity":7,"s:28:5:28:Infinity":8,"s:31:5:31:Infinity":9,"s:35:5:35:Infinity":10,"f:35:5:35:21":0,"s:35:21:35:30":11,"f:35:21:35:30":1,"s:35:41:35:54":12,"s:5:1:5:Infinity":13}}}
,"C:\\Users\\Paulo Rezende\\OneDrive\\Área de Trabalho\\Estudos Programação\\INDT\\TESTES\\projeto-typescript-aula\\src\\entities\\Leitura.ts": {"path":"C:\\Users\\Paulo Rezende\\OneDrive\\Área de Trabalho\\Estudos Programação\\INDT\\TESTES\\projeto-typescript-aula\\src\\entities\\Leitura.ts","statementMap":{"0":{"start":{"line":5,"column":15},"end":{"line":20,"column":null}},"1":{"start":{"line":6,"column":5},"end":{"line":6,"column":null}},"2":{"start":{"line":9,"column":5},"end":{"line":9,"column":null}},"3":{"start":{"line":12,"column":5},"end":{"line":12,"column":null}},"4":{"start":{"line":15,"column":5},"end":{"line":15,"column":null}},"5":{"start":{"line":18,"column":21},"end":{"line":18,"column":30}},"6":{"start":{"line":18,"column":41},"end":{"line":18,"column":57}},"7":{"start":{"line":4,"column":1},"end":{"line":4,"column":null}}},"fnMap":{"0":{"name":"(anonymous_0)","decl":{"start":{"line":18,"column":5},"end":{"line":18,"column":21}},"loc":{"start":{"line":18,"column":21},"end":{"line":18,"column":30}},"line":18},"1":{"name":"(anonymous_1)","decl":{"start":{"line":18,"column":21},"end":{"line":18,"column":30}},"loc":{"start":{"line":18,"column":41},"end":{"line":18,"column":57}},"line":18}},"branchMap":{"0":{"loc":{"start":{"line":15,"column":51},"end":{"line":15,"column":null}},"type":"cond-expr","locations":[{"start":{"line":15,"column":51},"end":{"line":15,"column":null}},{"start":{"line":15,"column":51},"end":{"line":15,"column":null}}],"line":15}},"s":{"0":1,"1":1,"2":1,"3":1,"4":1,"5":0,"6":0,"7":1},"f":{"0":0,"1":0},"b":{"0":[2,1]},"meta":{"lastBranch":1,"lastFunction":2,"lastStatement":8,"seen":{"s:5:15:20:Infinity":0,"s:6:5:6:Infinity":1,"s:9:5:9:Infinity":2,"s:12:5:12:Infinity":3,"s:15:5:15:Infinity":4,"b:15:51:15:Infinity:15:51:15:Infinity":0,"f:18:5:18:21":0,"s:18:21:18:30":5,"f:18:21:18:30":1,"s:18:41:18:57":6,"s:4:1:4:Infinity":7}}}
,"C:\\Users\\Paulo Rezende\\OneDrive\\Área de Trabalho\\Estudos Programação\\INDT\\TESTES\\projeto-typescript-aula\\src\\entities\\Pesquisador.ts": {"path":"C:\\Users\\Paulo Rezende\\OneDrive\\Área de Trabalho\\Estudos Programação\\INDT\\TESTES\\projeto-typescript-aula\\src\\entities\\Pesquisador.ts","statementMap":{"0":{"start":{"line":4,"column":15},"end":{"line":31,"column":null}},"1":{"start":{"line":6,"column":5},"end":{"line":6,"column":null}},"2":{"start":{"line":9,"column":5},"end":{"line":9,"column":null}},"3":{"start":{"line":12,"column":5},"end":{"line":12,"column":null}},"4":{"start":{"line":15,"column":5},"end":{"line":15,"column":null}},"5":{"start":{"line":18,"column":5},"end":{"line":18,"column":null}},"6":{"start":{"line":21,"column":5},"end":{"line":21,"column":null}},"7":{"start":{"line":24,"column":5},"end":{"line":24,"column":null}},"8":{"start":{"line":27,"column":5},"end":{"line":27,"column":null}},"9":{"start":{"line":30,"column":5},"end":{"line":30,"column":null}},"10":{"start":{"line":3,"column":1},"end":{"line":3,"column":null}}},"fnMap":{},"branchMap":{"0":{"loc":{"start":{"line":30,"column":46},"end":{"line":30,"column":null}},"type":"cond-expr","locations":[{"start":{"line":30,"column":46},"end":{"line":30,"column":null}},{"start":{"line":30,"column":46},"end":{"line":30,"column":null}}],"line":30}},"s":{"0":2,"1":2,"2":2,"3":2,"4":2,"5":2,"6":2,"7":2,"8":2,"9":2,"10":2},"f":{},"b":{"0":[4,2]},"meta":{"lastBranch":1,"lastFunction":0,"lastStatement":11,"seen":{"s:4:15:31:Infinity":0,"s:6:5:6:Infinity":1,"s:9:5:9:Infinity":2,"s:12:5:12:Infinity":3,"s:15:5:15:Infinity":4,"s:18:5:18:Infinity":5,"s:21:5:21:Infinity":6,"s:24:5:24:Infinity":7,"s:27:5:27:Infinity":8,"s:30:5:30:Infinity":9,"b:30:46:30:Infinity:30:46:30:Infinity":0,"s:3:1:3:Infinity":10}}}
,"C:\\Users\\Paulo Rezende\\OneDrive\\Área de Trabalho\\Estudos Programação\\INDT\\TESTES\\projeto-typescript-aula\\src\\entities\\RefreshToken.ts": {"path":"C:\\Users\\Paulo Rezende\\OneDrive\\Área de Trabalho\\Estudos Programação\\INDT\\TESTES\\projeto-typescript-aula\\src\\entities\\RefreshToken.ts","statementMap":{"0":{"start":{"line":5,"column":15},"end":{"line":35,"column":null}},"1":{"start":{"line":7,"column":5},"end":{"line":7,"column":null}},"2":{"start":{"line":10,"column":5},"end":{"line":10,"column":null}},"3":{"start":{"line":13,"column":5},"end":{"line":13,"column":null}},"4":{"start":{"line":16,"column":5},"end":{"line":16,"column":null}},"5":{"start":{"line":19,"column":5},"end":{"line":19,"column":null}},"6":{"start":{"line":22,"column":5},"end":{"line":22,"column":null}},"7":{"start":{"line":25,"column":5},"end":{"line":25,"column":null}},"8":{"start":{"line":28,"column":5},"end":{"line":28,"column":null}},"9":{"start":{"line":31,"column":5},"end":{"line":31,"column":null}},"10":{"start":{"line":31,"column":21},"end":{"line":31,"column":34}},"11":{"start":{"line":34,"column":5},"end":{"line":34,"column":null}},"12":{"start":{"line":4,"column":1},"end":{"line":4,"column":null}}},"fnMap":{"0":{"name":"(anonymous_0)","decl":{"start":{"line":31,"column":5},"end":{"line":31,"column":21}},"loc":{"start":{"line":31,"column":21},"end":{"line":31,"column":34}},"line":31}},"branchMap":{"0":{"loc":{"start":{"line":25,"column":51},"end":{"line":25,"column":null}},"type":"cond-expr","locations":[{"start":{"line":25,"column":51},"end":{"line":25,"column":null}},{"start":{"line":25,"column":51},"end":{"line":25,"column":null}}],"line":25},"1":{"loc":{"start":{"line":34,"column":23},"end":{"line":34,"column":null}},"type":"cond-expr","locations":[{"start":{"line":34,"column":23},"end":{"line":34,"column":null}},{"start":{"line":34,"column":23},"end":{"line":34,"column":null}}],"line":34}},"s":{"0":1,"1":1,"2":1,"3":1,"4":1,"5":1,"6":1,"7":1,"8":1,"9":1,"10":0,"11":1,"12":1},"f":{"0":0},"b":{"0":[2,1],"1":[2,1]},"meta":{"lastBranch":2,"lastFunction":1,"lastStatement":13,"seen":{"s:5:15:35:Infinity":0,"s:7:5:7:Infinity":1,"s:10:5:10:Infinity":2,"s:13:5:13:Infinity":3,"s:16:5:16:Infinity":4,"s:19:5:19:Infinity":5,"s:22:5:22:Infinity":6,"s:25:5:25:Infinity":7,"b:25:51:25:Infinity:25:51:25:Infinity":0,"s:28:5:28:Infinity":8,"s:31:5:31:Infinity":9,"f:31:5:31:21":0,"s:31:21:31:34":10,"s:34:5:34:Infinity":11,"b:34:23:34:Infinity:34:23:34:Infinity":1,"s:4:1:4:Infinity":12}}}
,"C:\\Users\\Paulo Rezende\\OneDrive\\Área de Trabalho\\Estudos Programação\\INDT\\TESTES\\projeto-typescript-aula\\src\\entities\\Sensor.ts": {"path":"C:\\Users\\Paulo Rezende\\OneDrive\\Área de Trabalho\\Estudos Programação\\INDT\\TESTES\\projeto-typescript-aula\\src\\entities\\Sensor.ts","statementMap":{"0":{"start":{"line":6,"column":7},"end":{"line":51,"column":null}},"1":{"start":{"line":7,"column":5},"end":{"line":7,"column":null}},"2":{"start":{"line":10,"column":5},"end":{"line":10,"column":null}},"3":{"start":{"line":13,"column":5},"end":{"line":13,"column":null}},"4":{"start":{"line":16,"column":5},"end":{"line":16,"column":null}},"5":{"start":{"line":19,"column":5},"end":{"line":19,"column":null}},"6":{"start":{"line":22,"column":5},"end":{"line":22,"column":null}},"7":{"start":{"line":25,"column":5},"end":{"line":25,"column":null}},"8":{"start":{"line":28,"column":5},"end":{"line":28,"column":null}},"9":{"start":{"line":31,"column":5},"end":{"line":31,"column":null}},"10":{"start":{"line":34,"column":5},"end":{"line":34,"column":null}},"11":{"start":{"line":37,"column":5},"end":{"line":37,"column":null}},"12":{"start":{"line":40,"column":5},"end":{"line":40,"column":null}},"13":{"start":{"line":43,"column":21},"end":{"line":43,"column":28}},"14":{"start":{"line":43,"column":37},"end":{"line":43,"column":51}},"15":{"start":{"line":47,"column":5},"end":{"line":47,"column":null}},"16":{"start":{"line":47,"column":21},"end":{"line":47,"column":31}},"17":{"start":{"line":47,"column":43},"end":{"line":47,"column":58}},"18":{"start":{"line":50,"column":5},"end":{"line":50,"column":null}},"19":{"start":{"line":5,"column":1},"end":{"line":5,"column":null}}},"fnMap":{"0":{"name":"(anonymous_0)","decl":{"start":{"line":43,"column":5},"end":{"line":43,"column":21}},"loc":{"start":{"line":43,"column":21},"end":{"line":43,"column":28}},"line":43},"1":{"name":"(anonymous_1)","decl":{"start":{"line":43,"column":21},"end":{"line":43,"column":28}},"loc":{"start":{"line":43,"column":37},"end":{"line":43,"column":51}},"line":43},"2":{"name":"(anonymous_2)","decl":{"start":{"line":47,"column":5},"end":{"line":47,"column":21}},"loc":{"start":{"line":47,"column":21},"end":{"line":47,"column":31}},"line":47},"3":{"name":"(anonymous_3)","decl":{"start":{"line":47,"column":21},"end":{"line":47,"column":31}},"loc":{"start":{"line":47,"column":43},"end":{"line":47,"column":58}},"line":47}},"branchMap":{"0":{"loc":{"start":{"line":28,"column":46},"end":{"line":28,"column":null}},"type":"cond-expr","locations":[{"start":{"line":28,"column":46},"end":{"line":28,"column":null}},{"start":{"line":28,"column":46},"end":{"line":28,"column":null}}],"line":28},"1":{"loc":{"start":{"line":31,"column":45},"end":{"line":31,"column":null}},"type":"cond-expr","locations":[{"start":{"line":31,"column":45},"end":{"line":31,"column":null}},{"start":{"line":31,"column":45},"end":{"line":31,"column":null}}],"line":31}},"s":{"0":1,"1":1,"2":1,"3":1,"4":1,"5":1,"6":1,"7":1,"8":1,"9":1,"10":1,"11":1,"12":1,"13":0,"14":0,"15":1,"16":0,"17":0,"18":1,"19":1},"f":{"0":0,"1":0,"2":0,"3":0},"b":{"0":[2,1],"1":[2,1]},"meta":{"lastBranch":2,"lastFunction":4,"lastStatement":20,"seen":{"s:6:7:51:Infinity":0,"s:7:5:7:Infinity":1,"s:10:5:10:Infinity":2,"s:13:5:13:Infinity":3,"s:16:5:16:Infinity":4,"s:19:5:19:Infinity":5,"s:22:5:22:Infinity":6,"s:25:5:25:Infinity":7,"s:28:5:28:Infinity":8,"b:28:46:28:Infinity:28:46:28:Infinity":0,"s:31:5:31:Infinity":9,"b:31:45:31:Infinity:31:45:31:Infinity":1,"s:34:5:34:Infinity":10,"s:37:5:37:Infinity":11,"s:40:5:40:Infinity":12,"f:43:5:43:21":0,"s:43:21:43:28":13,"f:43:21:43:28":1,"s:43:37:43:51":14,"s:47:5:47:Infinity":15,"f:47:5:47:21":2,"s:47:21:47:31":16,"f:47:21:47:31":3,"s:47:43:47:58":17,"s:50:5:50:Infinity":18,"s:5:1:5:Infinity":19}}}
,"C:\\Users\\Paulo Rezende\\OneDrive\\Área de Trabalho\\Estudos Programação\\INDT\\TESTES\\projeto-typescript-aula\\src\\errors\\AppError.ts": {"path":"C:\\Users\\Paulo Rezende\\OneDrive\\Área de Trabalho\\Estudos Programação\\INDT\\TESTES\\projeto-typescript-aula\\src\\errors\\AppError.ts","statementMap":{"0":{"start":{"line":6,"column":8},"end":{"line":6,"column":null}},"1":{"start":{"line":7,"column":8},"end":{"line":7,"column":null}},"2":{"start":{"line":8,"column":8},"end":{"line":8,"column":null}}},"fnMap":{"0":{"name":"(anonymous_0)","decl":{"start":{"line":5,"column":4},"end":{"line":5,"column":16}},"loc":{"start":{"line":5,"column":49},"end":{"line":8,"column":null}},"line":5}},"branchMap":{},"s":{"0":1,"1":1,"2":1},"f":{"0":1},"b":{},"meta":{"lastBranch":0,"lastFunction":1,"lastStatement":3,"seen":{"f:5:4:5:16":0,"s:6:8:6:Infinity":0,"s:7:8:7:Infinity":1,"s:8:8:8:Infinity":2}}}
,"C:\\Users\\Paulo Rezende\\OneDrive\\Área de Trabalho\\Estudos Programação\\INDT\\TESTES\\projeto-typescript-aula\\src\\middleware\\authMidd.ts": {"path":"C:\\Users\\Paulo Rezende\\OneDrive\\Área de Trabalho\\Estudos Programação\\INDT\\TESTES\\projeto-typescript-aula\\src\\middleware\\authMidd.ts","statementMap":{"0":{"start":{"line":10,"column":30},"end":{"line":30,"column":null}},"1":{"start":{"line":12,"column":4},"end":{"line":30,"column":null}},"2":{"start":{"line":14,"column":22},"end":{"line":14,"column":77}},"3":{"start":{"line":16,"column":8},"end":{"line":17,"column":null}},"4":{"start":{"line":17,"column":12},"end":{"line":17,"column":null}},"5":{"start":{"line":20,"column":24},"end":{"line":20,"column":66}},"6":{"start":{"line":22,"column":8},"end":{"line":23,"column":null}},"7":{"start":{"line":23,"column":12},"end":{"line":23,"column":null}},"8":{"start":{"line":26,"column":8},"end":{"line":26,"column":null}},"9":{"start":{"line":27,"column":8},"end":{"line":27,"column":null}},"10":{"start":{"line":30,"column":8},"end":{"line":30,"column":null}}},"fnMap":{"0":{"name":"(anonymous_0)","decl":{"start":{"line":10,"column":30},"end":{"line":10,"column":37}},"loc":{"start":{"line":10,"column":93},"end":{"line":30,"column":null}},"line":10}},"branchMap":{"0":{"loc":{"start":{"line":16,"column":8},"end":{"line":17,"column":null}},"type":"if","locations":[{"start":{"line":16,"column":8},"end":{"line":17,"column":null}},{"start":{},"end":{}}],"line":16},"1":{"loc":{"start":{"line":22,"column":8},"end":{"line":23,"column":null}},"type":"if","locations":[{"start":{"line":22,"column":8},"end":{"line":23,"column":null}},{"start":{},"end":{}}],"line":22}},"s":{"0":1,"1":0,"2":0,"3":0,"4":0,"5":0,"6":0,"7":0,"8":0,"9":0,"10":0},"f":{"0":0},"b":{"0":[0,0],"1":[0,0]},"meta":{"lastBranch":2,"lastFunction":1,"lastStatement":11,"seen":{"s:10:30:30:Infinity":0,"f:10:30:10:37":0,"s:12:4:30:Infinity":1,"s:14:22:14:77":2,"b:16:8:17:Infinity:undefined:undefined:undefined:undefined":0,"s:16:8:17:Infinity":3,"s:17:12:17:Infinity":4,"s:20:24:20:66":5,"b:22:8:23:Infinity:undefined:undefined:undefined:undefined":1,"s:22:8:23:Infinity":6,"s:23:12:23:Infinity":7,"s:26:8:26:Infinity":8,"s:27:8:27:Infinity":9,"s:30:8:30:Infinity":10}}}
,"C:\\Users\\Paulo Rezende\\OneDrive\\Área de Trabalho\\Estudos Programação\\INDT\\TESTES\\projeto-typescript-aula\\src\\middleware\\errorHandler.ts": {"path":"C:\\Users\\Paulo Rezende\\OneDrive\\Área de Trabalho\\Estudos Programação\\INDT\\TESTES\\projeto-typescript-aula\\src\\middleware\\errorHandler.ts","statementMap":{"0":{"start":{"line":5,"column":15},"end":{"line":9,"column":2}},"1":{"start":{"line":11,"column":6},"end":{"line":23,"column":null}},"2":{"start":{"line":12,"column":4},"end":{"line":12,"column":null}},"3":{"start":{"line":14,"column":4},"end":{"line":23,"column":null}},"4":{"start":{"line":15,"column":8},"end":{"line":18,"column":null}},"5":{"start":{"line":20,"column":8},"end":{"line":23,"column":null}}},"fnMap":{"0":{"name":"(anonymous_0)","decl":{"start":{"line":11,"column":6},"end":{"line":11,"column":44}},"loc":{"start":{"line":11,"column":108},"end":{"line":23,"column":null}},"line":11}},"branchMap":{"0":{"loc":{"start":{"line":14,"column":4},"end":{"line":23,"column":null}},"type":"if","locations":[{"start":{"line":14,"column":4},"end":{"line":23,"column":null}},{"start":{"line":19,"column":11},"end":{"line":23,"column":null}}],"line":14}},"s":{"0":1,"1":1,"2":0,"3":0,"4":0,"5":0},"f":{"0":0},"b":{"0":[0,0]},"meta":{"lastBranch":1,"lastFunction":1,"lastStatement":6,"seen":{"s:5:15:9:2":0,"s:11:6:23:Infinity":1,"f:11:6:11:44":0,"s:12:4:12:Infinity":2,"b:14:4:23:Infinity:19:11:23:Infinity":0,"s:14:4:23:Infinity":3,"s:15:8:18:Infinity":4,"s:20:8:23:Infinity":5}}}
,"C:\\Users\\Paulo Rezende\\OneDrive\\Área de Trabalho\\Estudos Programação\\INDT\\TESTES\\projeto-typescript-aula\\src\\middleware\\validarBody.ts": {"path":"C:\\Users\\Paulo Rezende\\OneDrive\\Área de Trabalho\\Estudos Programação\\INDT\\TESTES\\projeto-typescript-aula\\src\\middleware\\validarBody.ts","statementMap":{"0":{"start":{"line":4,"column":13},"end":{"line":26,"column":null}},"1":{"start":{"line":5,"column":4},"end":{"line":26,"column":null}},"2":{"start":{"line":7,"column":8},"end":{"line":22,"column":null}},"3":{"start":{"line":9,"column":12},"end":{"line":9,"column":null}},"4":{"start":{"line":11,"column":12},"end":{"line":11,"column":null}},"5":{"start":{"line":15,"column":12},"end":{"line":22,"column":null}},"6":{"start":{"line":16,"column":16},"end":{"line":22,"column":null}},"7":{"start":{"line":18,"column":54},"end":{"line":21,"column":null}},"8":{"start":{"line":26,"column":8},"end":{"line":26,"column":null}}},"fnMap":{"0":{"name":"(anonymous_0)","decl":{"start":{"line":4,"column":13},"end":{"line":4,"column":28}},"loc":{"start":{"line":4,"column":44},"end":{"line":26,"column":null}},"line":4},"1":{"name":"(anonymous_1)","decl":{"start":{"line":5,"column":11},"end":{"line":5,"column":18}},"loc":{"start":{"line":5,"column":70},"end":{"line":26,"column":null}},"line":5},"2":{"name":"(anonymous_2)","decl":{"start":{"line":18,"column":40},"end":{"line":18,"column":45}},"loc":{"start":{"line":18,"column":54},"end":{"line":21,"column":null}},"line":18}},"branchMap":{"0":{"loc":{"start":{"line":15,"column":12},"end":{"line":22,"column":null}},"type":"if","locations":[{"start":{"line":15,"column":12},"end":{"line":22,"column":null}},{"start":{},"end":{}}],"line":15}},"s":{"0":1,"1":5,"2":1,"3":1,"4":0,"5":1,"6":1,"7":6,"8":0},"f":{"0":5,"1":1,"2":6},"b":{"0":[1,0]},"meta":{"lastBranch":1,"lastFunction":3,"lastStatement":9,"seen":{"s:4:13:26:Infinity":0,"f:4:13:4:28":0,"s:5:4:26:Infinity":1,"f:5:11:5:18":1,"s:7:8:22:Infinity":2,"s:9:12:9:Infinity":3,"s:11:12:11:Infinity":4,"b:15:12:22:Infinity:undefined:undefined:undefined:undefined":0,"s:15:12:22:Infinity":5,"s:16:16:22:Infinity":6,"f:18:40:18:45":2,"s:18:54:21:Infinity":7,"s:26:8:26:Infinity":8}}}
,"C:\\Users\\Paulo Rezende\\OneDrive\\Área de Trabalho\\Estudos Programação\\INDT\\TESTES\\projeto-typescript-aula\\src\\routes\\areaRouter.ts": {"path":"C:\\Users\\Paulo Rezende\\OneDrive\\Área de Trabalho\\Estudos Programação\\INDT\\TESTES\\projeto-typescript-aula\\src\\routes\\areaRouter.ts","statementMap":{"0":{"start":{"line":8,"column":6},"end":{"line":8,"column":27}},"1":{"start":{"line":9,"column":20},"end":{"line":9,"column":37}},"2":{"start":{"line":10,"column":23},"end":{"line":10,"column":54}},"3":{"start":{"line":12,"column":0},"end":{"line":12,"column":null}},"4":{"start":{"line":12,"column":70},"end":{"line":12,"column":101}},"5":{"start":{"line":13,"column":0},"end":{"line":13,"column":null}},"6":{"start":{"line":13,"column":38},"end":{"line":13,"column":70}},"7":{"start":{"line":14,"column":0},"end":{"line":14,"column":null}},"8":{"start":{"line":14,"column":42},"end":{"line":14,"column":75}},"9":{"start":{"line":15,"column":0},"end":{"line":15,"column":null}},"10":{"start":{"line":15,"column":42},"end":{"line":15,"column":73}},"11":{"start":{"line":16,"column":0},"end":{"line":16,"column":null}},"12":{"start":{"line":16,"column":45},"end":{"line":16,"column":76}},"13":{"start":{"line":17,"column":0},"end":{"line":17,"column":null}},"14":{"start":{"line":17,"column":49},"end":{"line":17,"column":88}}},"fnMap":{"0":{"name":"(anonymous_0)","decl":{"start":{"line":12,"column":54},"end":{"line":12,"column":57}},"loc":{"start":{"line":12,"column":70},"end":{"line":12,"column":101}},"line":12},"1":{"name":"(anonymous_1)","decl":{"start":{"line":13,"column":15},"end":{"line":13,"column":25}},"loc":{"start":{"line":13,"column":38},"end":{"line":13,"column":70}},"line":13},"2":{"name":"(anonymous_2)","decl":{"start":{"line":14,"column":15},"end":{"line":14,"column":29}},"loc":{"start":{"line":14,"column":42},"end":{"line":14,"column":75}},"line":14},"3":{"name":"(anonymous_3)","decl":{"start":{"line":15,"column":15},"end":{"line":15,"column":29}},"loc":{"start":{"line":15,"column":42},"end":{"line":15,"column":73}},"line":15},"4":{"name":"(anonymous_4)","decl":{"start":{"line":16,"column":18},"end":{"line":16,"column":32}},"loc":{"start":{"line":16,"column":45},"end":{"line":16,"column":76}},"line":16},"5":{"name":"(anonymous_5)","decl":{"start":{"line":17,"column":15},"end":{"line":17,"column":36}},"loc":{"start":{"line":17,"column":49},"end":{"line":17,"column":88}},"line":17}},"branchMap":{},"s":{"0":1,"1":1,"2":1,"3":1,"4":0,"5":1,"6":0,"7":1,"8":0,"9":1,"10":0,"11":1,"12":0,"13":1,"14":0},"f":{"0":0,"1":0,"2":0,"3":0,"4":0,"5":0},"b":{},"meta":{"lastBranch":0,"lastFunction":6,"lastStatement":15,"seen":{"s:8:6:8:27":0,"s:9:20:9:37":1,"s:10:23:10:54":2,"s:12:0:12:Infinity":3,"f:12:54:12:57":0,"s:12:70:12:101":4,"s:13:0:13:Infinity":5,"f:13:15:13:25":1,"s:13:38:13:70":6,"s:14:0:14:Infinity":7,"f:14:15:14:29":2,"s:14:42:14:75":8,"s:15:0:15:Infinity":9,"f:15:15:15:29":3,"s:15:42:15:73":10,"s:16:0:16:Infinity":11,"f:16:18:16:32":4,"s:16:45:16:76":12,"s:17:0:17:Infinity":13,"f:17:15:17:36":5,"s:17:49:17:88":14}}}
,"C:\\Users\\Paulo Rezende\\OneDrive\\Área de Trabalho\\Estudos Programação\\INDT\\TESTES\\projeto-typescript-aula\\src\\routes\\authRoutes.ts": {"path":"C:\\Users\\Paulo Rezende\\OneDrive\\Área de Trabalho\\Estudos Programação\\INDT\\TESTES\\projeto-typescript-aula\\src\\routes\\authRoutes.ts","statementMap":{"0":{"start":{"line":9,"column":20},"end":{"line":9,"column":37}},"1":{"start":{"line":10,"column":22},"end":{"line":10,"column":41}},"2":{"start":{"line":11,"column":23},"end":{"line":11,"column":48}},"3":{"start":{"line":13,"column":23},"end":{"line":13,"column":85}},"4":{"start":{"line":15,"column":6},"end":{"line":15,"column":27}},"5":{"start":{"line":17,"column":0},"end":{"line":17,"column":null}},"6":{"start":{"line":18,"column":0},"end":{"line":18,"column":null}},"7":{"start":{"line":18,"column":61},"end":{"line":18,"column":98}},"8":{"start":{"line":19,"column":0},"end":{"line":19,"column":null}},"9":{"start":{"line":19,"column":60},"end":{"line":19,"column":91}}},"fnMap":{"0":{"name":"(anonymous_0)","decl":{"start":{"line":18,"column":16},"end":{"line":18,"column":29}},"loc":{"start":{"line":18,"column":61},"end":{"line":18,"column":98}},"line":18},"1":{"name":"(anonymous_1)","decl":{"start":{"line":19,"column":16},"end":{"line":19,"column":28}},"loc":{"start":{"line":19,"column":60},"end":{"line":19,"column":91}},"line":19}},"branchMap":{},"s":{"0":1,"1":1,"2":1,"3":1,"4":1,"5":1,"6":1,"7":0,"8":1,"9":0},"f":{"0":0,"1":0},"b":{},"meta":{"lastBranch":0,"lastFunction":2,"lastStatement":10,"seen":{"s:9:20:9:37":0,"s:10:22:10:41":1,"s:11:23:11:48":2,"s:13:23:13:85":3,"s:15:6:15:27":4,"s:17:0:17:Infinity":5,"s:18:0:18:Infinity":6,"f:18:16:18:29":0,"s:18:61:18:98":7,"s:19:0:19:Infinity":8,"f:19:16:19:28":1,"s:19:60:19:91":9}}}
,"C:\\Users\\Paulo Rezende\\OneDrive\\Área de Trabalho\\Estudos Programação\\INDT\\TESTES\\projeto-typescript-aula\\src\\routes\\index.routes.ts": {"path":"C:\\Users\\Paulo Rezende\\OneDrive\\Área de Trabalho\\Estudos Programação\\INDT\\TESTES\\projeto-typescript-aula\\src\\routes\\index.routes.ts","statementMap":{"0":{"start":{"line":9,"column":6},"end":{"line":9,"column":28}},"1":{"start":{"line":11,"column":0},"end":{"line":11,"column":null}},"2":{"start":{"line":12,"column":0},"end":{"line":12,"column":null}},"3":{"start":{"line":13,"column":0},"end":{"line":13,"column":null}},"4":{"start":{"line":14,"column":0},"end":{"line":14,"column":null}},"5":{"start":{"line":15,"column":0},"end":{"line":15,"column":null}}},"fnMap":{},"branchMap":{},"s":{"0":1,"1":1,"2":1,"3":1,"4":1,"5":1},"f":{},"b":{},"meta":{"lastBranch":0,"lastFunction":0,"lastStatement":6,"seen":{"s:9:6:9:28":0,"s:11:0:11:Infinity":1,"s:12:0:12:Infinity":2,"s:13:0:13:Infinity":3,"s:14:0:14:Infinity":4,"s:15:0:15:Infinity":5}}}
,"C:\\Users\\Paulo Rezende\\OneDrive\\Área de Trabalho\\Estudos Programação\\INDT\\TESTES\\projeto-typescript-aula\\src\\routes\\leituraRouter.ts": {"path":"C:\\Users\\Paulo Rezende\\OneDrive\\Área de Trabalho\\Estudos Programação\\INDT\\TESTES\\projeto-typescript-aula\\src\\routes\\leituraRouter.ts","statementMap":{"0":{"start":{"line":7,"column":6},"end":{"line":7,"column":30}},"1":{"start":{"line":8,"column":23},"end":{"line":8,"column":43}},"2":{"start":{"line":9,"column":26},"end":{"line":9,"column":63}},"3":{"start":{"line":11,"column":0},"end":{"line":11,"column":null}},"4":{"start":{"line":11,"column":79},"end":{"line":11,"column":113}},"5":{"start":{"line":12,"column":0},"end":{"line":12,"column":null}},"6":{"start":{"line":12,"column":44},"end":{"line":12,"column":79}},"7":{"start":{"line":13,"column":0},"end":{"line":13,"column":null}},"8":{"start":{"line":13,"column":48},"end":{"line":13,"column":84}},"9":{"start":{"line":14,"column":0},"end":{"line":14,"column":null}},"10":{"start":{"line":14,"column":49},"end":{"line":14,"column":83}},"11":{"start":{"line":15,"column":0},"end":{"line":15,"column":null}},"12":{"start":{"line":15,"column":51},"end":{"line":15,"column":85}},"13":{"start":{"line":16,"column":0},"end":{"line":16,"column":null}},"14":{"start":{"line":16,"column":57},"end":{"line":16,"column":106}}},"fnMap":{"0":{"name":"(anonymous_0)","decl":{"start":{"line":11,"column":63},"end":{"line":11,"column":66}},"loc":{"start":{"line":11,"column":79},"end":{"line":11,"column":113}},"line":11},"1":{"name":"(anonymous_1)","decl":{"start":{"line":12,"column":18},"end":{"line":12,"column":31}},"loc":{"start":{"line":12,"column":44},"end":{"line":12,"column":79}},"line":12},"2":{"name":"(anonymous_2)","decl":{"start":{"line":13,"column":18},"end":{"line":13,"column":35}},"loc":{"start":{"line":13,"column":48},"end":{"line":13,"column":84}},"line":13},"3":{"name":"(anonymous_3)","decl":{"start":{"line":14,"column":18},"end":{"line":14,"column":36}},"loc":{"start":{"line":14,"column":49},"end":{"line":14,"column":83}},"line":14},"4":{"name":"(anonymous_4)","decl":{"start":{"line":15,"column":21},"end":{"line":15,"column":38}},"loc":{"start":{"line":15,"column":51},"end":{"line":15,"column":85}},"line":15},"5":{"name":"(anonymous_5)","decl":{"start":{"line":16,"column":18},"end":{"line":16,"column":44}},"loc":{"start":{"line":16,"column":57},"end":{"line":16,"column":106}},"line":16}},"branchMap":{},"s":{"0":1,"1":1,"2":1,"3":1,"4":0,"5":1,"6":0,"7":1,"8":0,"9":1,"10":0,"11":1,"12":0,"13":1,"14":0},"f":{"0":0,"1":0,"2":0,"3":0,"4":0,"5":0},"b":{},"meta":{"lastBranch":0,"lastFunction":6,"lastStatement":15,"seen":{"s:7:6:7:30":0,"s:8:23:8:43":1,"s:9:26:9:63":2,"s:11:0:11:Infinity":3,"f:11:63:11:66":0,"s:11:79:11:113":4,"s:12:0:12:Infinity":5,"f:12:18:12:31":1,"s:12:44:12:79":6,"s:13:0:13:Infinity":7,"f:13:18:13:35":2,"s:13:48:13:84":8,"s:14:0:14:Infinity":9,"f:14:18:14:36":3,"s:14:49:14:83":10,"s:15:0:15:Infinity":11,"f:15:21:15:38":4,"s:15:51:15:85":12,"s:16:0:16:Infinity":13,"f:16:18:16:44":5,"s:16:57:16:106":14}}}
,"C:\\Users\\Paulo Rezende\\OneDrive\\Área de Trabalho\\Estudos Programação\\INDT\\TESTES\\projeto-typescript-aula\\src\\routes\\pesquisadorRoutes.ts": {"path":"C:\\Users\\Paulo Rezende\\OneDrive\\Área de Trabalho\\Estudos Programação\\INDT\\TESTES\\projeto-typescript-aula\\src\\routes\\pesquisadorRoutes.ts","statementMap":{"0":{"start":{"line":7,"column":6},"end":{"line":7,"column":34}},"1":{"start":{"line":8,"column":27},"end":{"line":8,"column":51}},"2":{"start":{"line":9,"column":30},"end":{"line":9,"column":75}},"3":{"start":{"line":11,"column":0},"end":{"line":11,"column":null}},"4":{"start":{"line":11,"column":91},"end":{"line":11,"column":129}},"5":{"start":{"line":12,"column":0},"end":{"line":12,"column":null}},"6":{"start":{"line":12,"column":88},"end":{"line":12,"column":126}},"7":{"start":{"line":13,"column":0},"end":{"line":13,"column":null}},"8":{"start":{"line":13,"column":52},"end":{"line":13,"column":91}},"9":{"start":{"line":14,"column":0},"end":{"line":14,"column":null}},"10":{"start":{"line":14,"column":56},"end":{"line":14,"column":96}},"11":{"start":{"line":15,"column":0},"end":{"line":15,"column":null}},"12":{"start":{"line":15,"column":56},"end":{"line":15,"column":94}},"13":{"start":{"line":16,"column":0},"end":{"line":16,"column":null}},"14":{"start":{"line":16,"column":59},"end":{"line":16,"column":97}}},"fnMap":{"0":{"name":"(anonymous_0)","decl":{"start":{"line":11,"column":75},"end":{"line":11,"column":78}},"loc":{"start":{"line":11,"column":91},"end":{"line":11,"column":129}},"line":11},"1":{"name":"(anonymous_1)","decl":{"start":{"line":12,"column":72},"end":{"line":12,"column":75}},"loc":{"start":{"line":12,"column":88},"end":{"line":12,"column":126}},"line":12},"2":{"name":"(anonymous_2)","decl":{"start":{"line":13,"column":22},"end":{"line":13,"column":39}},"loc":{"start":{"line":13,"column":52},"end":{"line":13,"column":91}},"line":13},"3":{"name":"(anonymous_3)","decl":{"start":{"line":14,"column":22},"end":{"line":14,"column":43}},"loc":{"start":{"line":14,"column":56},"end":{"line":14,"column":96}},"line":14},"4":{"name":"(anonymous_4)","decl":{"start":{"line":15,"column":22},"end":{"line":15,"column":43}},"loc":{"start":{"line":15,"column":56},"end":{"line":15,"column":94}},"line":15},"5":{"name":"(anonymous_5)","decl":{"start":{"line":16,"column":25},"end":{"line":16,"column":46}},"loc":{"start":{"line":16,"column":59},"end":{"line":16,"column":97}},"line":16}},"branchMap":{},"s":{"0":1,"1":1,"2":1,"3":1,"4":0,"5":1,"6":0,"7":1,"8":0,"9":1,"10":0,"11":1,"12":0,"13":1,"14":0},"f":{"0":0,"1":0,"2":0,"3":0,"4":0,"5":0},"b":{},"meta":{"lastBranch":0,"lastFunction":6,"lastStatement":15,"seen":{"s:7:6:7:34":0,"s:8:27:8:51":1,"s:9:30:9:75":2,"s:11:0:11:Infinity":3,"f:11:75:11:78":0,"s:11:91:11:129":4,"s:12:0:12:Infinity":5,"f:12:72:12:75":1,"s:12:88:12:126":6,"s:13:0:13:Infinity":7,"f:13:22:13:39":2,"s:13:52:13:91":8,"s:14:0:14:Infinity":9,"f:14:22:14:43":3,"s:14:56:14:96":10,"s:15:0:15:Infinity":11,"f:15:22:15:43":4,"s:15:56:15:94":12,"s:16:0:16:Infinity":13,"f:16:25:16:46":5,"s:16:59:16:97":14}}}
,"C:\\Users\\Paulo Rezende\\OneDrive\\Área de Trabalho\\Estudos Programação\\INDT\\TESTES\\projeto-typescript-aula\\src\\routes\\sensorRoutes.ts": {"path":"C:\\Users\\Paulo Rezende\\OneDrive\\Área de Trabalho\\Estudos Programação\\INDT\\TESTES\\projeto-typescript-aula\\src\\routes\\sensorRoutes.ts","statementMap":{"0":{"start":{"line":9,"column":6},"end":{"line":9,"column":29}},"1":{"start":{"line":10,"column":22},"end":{"line":10,"column":41}},"2":{"start":{"line":11,"column":25},"end":{"line":11,"column":60}},"3":{"start":{"line":16,"column":0},"end":{"line":16,"column":null}},"4":{"start":{"line":16,"column":43},"end":{"line":16,"column":83}},"5":{"start":{"line":17,"column":0},"end":{"line":17,"column":null}},"6":{"start":{"line":17,"column":77},"end":{"line":17,"column":113}},"7":{"start":{"line":18,"column":0},"end":{"line":18,"column":null}},"8":{"start":{"line":18,"column":47},"end":{"line":18,"column":86}},"9":{"start":{"line":19,"column":0},"end":{"line":19,"column":null}},"10":{"start":{"line":19,"column":50},"end":{"line":19,"column":89}}},"fnMap":{"0":{"name":"(anonymous_0)","decl":{"start":{"line":16,"column":17},"end":{"line":16,"column":30}},"loc":{"start":{"line":16,"column":43},"end":{"line":16,"column":83}},"line":16},"1":{"name":"(anonymous_1)","decl":{"start":{"line":17,"column":61},"end":{"line":17,"column":64}},"loc":{"start":{"line":17,"column":77},"end":{"line":17,"column":113}},"line":17},"2":{"name":"(anonymous_2)","decl":{"start":{"line":18,"column":17},"end":{"line":18,"column":34}},"loc":{"start":{"line":18,"column":47},"end":{"line":18,"column":86}},"line":18},"3":{"name":"(anonymous_3)","decl":{"start":{"line":19,"column":20},"end":{"line":19,"column":37}},"loc":{"start":{"line":19,"column":50},"end":{"line":19,"column":89}},"line":19}},"branchMap":{},"s":{"0":1,"1":1,"2":1,"3":1,"4":0,"5":1,"6":0,"7":1,"8":0,"9":1,"10":0},"f":{"0":0,"1":0,"2":0,"3":0},"b":{},"meta":{"lastBranch":0,"lastFunction":4,"lastStatement":11,"seen":{"s:9:6:9:29":0,"s:10:22:10:41":1,"s:11:25:11:60":2,"s:16:0:16:Infinity":3,"f:16:17:16:30":0,"s:16:43:16:83":4,"s:17:0:17:Infinity":5,"f:17:61:17:64":1,"s:17:77:17:113":6,"s:18:0:18:Infinity":7,"f:18:17:18:34":2,"s:18:47:18:86":8,"s:19:0:19:Infinity":9,"f:19:20:19:37":3,"s:19:50:19:89":10}}}
,"C:\\Users\\Paulo Rezende\\OneDrive\\Área de Trabalho\\Estudos Programação\\INDT\\TESTES\\projeto-typescript-aula\\src\\services\\AreaService.ts": {"path":"C:\\Users\\Paulo Rezende\\OneDrive\\Área de Trabalho\\Estudos Programação\\INDT\\TESTES\\projeto-typescript-aula\\src\\services\\AreaService.ts","statementMap":{"0":{"start":{"line":6,"column":29},"end":{"line":6,"column":62}},"1":{"start":{"line":9,"column":8},"end":{"line":9,"column":null}},"2":{"start":{"line":13,"column":8},"end":{"line":13,"column":null}},"3":{"start":{"line":14,"column":21},"end":{"line":14,"column":98}},"4":{"start":{"line":15,"column":8},"end":{"line":16,"column":null}},"5":{"start":{"line":16,"column":12},"end":{"line":16,"column":null}},"6":{"start":{"line":18,"column":8},"end":{"line":18,"column":null}},"7":{"start":{"line":22,"column":25},"end":{"line":22,"column":57}},"8":{"start":{"line":23,"column":8},"end":{"line":23,"column":null}},"9":{"start":{"line":24,"column":8},"end":{"line":24,"column":null}},"10":{"start":{"line":29,"column":8},"end":{"line":39,"column":null}},"11":{"start":{"line":43,"column":8},"end":{"line":43,"column":null}},"12":{"start":{"line":44,"column":21},"end":{"line":44,"column":98}},"13":{"start":{"line":45,"column":8},"end":{"line":45,"column":null}},"14":{"start":{"line":46,"column":8},"end":{"line":47,"column":null}},"15":{"start":{"line":47,"column":12},"end":{"line":47,"column":null}},"16":{"start":{"line":50,"column":23},"end":{"line":50,"column":null}},"17":{"start":{"line":50,"column":49},"end":{"line":50,"column":69}},"18":{"start":{"line":51,"column":8},"end":{"line":55,"column":null}},"19":{"start":{"line":60,"column":21},"end":{"line":67,"column":10}},"20":{"start":{"line":69,"column":8},"end":{"line":70,"column":null}},"21":{"start":{"line":70,"column":12},"end":{"line":70,"column":null}},"22":{"start":{"line":73,"column":32},"end":{"line":73,"column":80}},"23":{"start":{"line":73,"column":64},"end":{"line":73,"column":80}},"24":{"start":{"line":75,"column":8},"end":{"line":75,"column":null}},"25":{"start":{"line":79,"column":27},"end":{"line":79,"column":70}},"26":{"start":{"line":81,"column":8},"end":{"line":82,"column":null}},"27":{"start":{"line":82,"column":12},"end":{"line":82,"column":null}},"28":{"start":{"line":85,"column":31},"end":{"line":85,"column":74}},"29":{"start":{"line":86,"column":8},"end":{"line":86,"column":null}},"30":{"start":{"line":87,"column":8},"end":{"line":87,"column":null}},"31":{"start":{"line":91,"column":21},"end":{"line":91,"column":64}},"32":{"start":{"line":93,"column":8},"end":{"line":94,"column":null}},"33":{"start":{"line":94,"column":12},"end":{"line":94,"column":null}},"34":{"start":{"line":97,"column":8},"end":{"line":97,"column":null}}},"fnMap":{"0":{"name":"(anonymous_0)","decl":{"start":{"line":8,"column":17},"end":{"line":8,"column":44}},"loc":{"start":{"line":8,"column":44},"end":{"line":9,"column":null}},"line":8},"1":{"name":"(anonymous_1)","decl":{"start":{"line":12,"column":17},"end":{"line":12,"column":26}},"loc":{"start":{"line":12,"column":53},"end":{"line":18,"column":null}},"line":12},"2":{"name":"(anonymous_2)","decl":{"start":{"line":21,"column":17},"end":{"line":21,"column":24}},"loc":{"start":{"line":21,"column":51},"end":{"line":24,"column":null}},"line":21},"3":{"name":"(anonymous_3)","decl":{"start":{"line":28,"column":10},"end":{"line":28,"column":31}},"loc":{"start":{"line":28,"column":47},"end":{"line":39,"column":null}},"line":28},"4":{"name":"(anonymous_4)","decl":{"start":{"line":42,"column":10},"end":{"line":42,"column":30}},"loc":{"start":{"line":42,"column":42},"end":{"line":55,"column":null}},"line":42},"5":{"name":"(anonymous_5)","decl":{"start":{"line":50,"column":37},"end":{"line":50,"column":44}},"loc":{"start":{"line":50,"column":49},"end":{"line":50,"column":69}},"line":50},"6":{"name":"(anonymous_6)","decl":{"start":{"line":58,"column":17},"end":{"line":58,"column":36}},"loc":{"start":{"line":58,"column":52},"end":{"line":75,"column":null}},"line":58},"7":{"name":"(anonymous_7)","decl":{"start":{"line":73,"column":46},"end":{"line":73,"column":54}},"loc":{"start":{"line":73,"column":64},"end":{"line":73,"column":80}},"line":73},"8":{"name":"(anonymous_8)","decl":{"start":{"line":78,"column":17},"end":{"line":78,"column":24}},"loc":{"start":{"line":78,"column":72},"end":{"line":87,"column":null}},"line":78},"9":{"name":"(anonymous_9)","decl":{"start":{"line":90,"column":17},"end":{"line":90,"column":24}},"loc":{"start":{"line":90,"column":51},"end":{"line":97,"column":null}},"line":90}},"branchMap":{"0":{"loc":{"start":{"line":15,"column":8},"end":{"line":16,"column":null}},"type":"if","locations":[{"start":{"line":15,"column":8},"end":{"line":16,"column":null}},{"start":{},"end":{}}],"line":15},"1":{"loc":{"start":{"line":46,"column":8},"end":{"line":47,"column":null}},"type":"if","locations":[{"start":{"line":46,"column":8},"end":{"line":47,"column":null}},{"start":{},"end":{}}],"line":46},"2":{"loc":{"start":{"line":69,"column":8},"end":{"line":70,"column":null}},"type":"if","locations":[{"start":{"line":69,"column":8},"end":{"line":70,"column":null}},{"start":{},"end":{}}],"line":69},"3":{"loc":{"start":{"line":81,"column":8},"end":{"line":82,"column":null}},"type":"if","locations":[{"start":{"line":81,"column":8},"end":{"line":82,"column":null}},{"start":{},"end":{}}],"line":81},"4":{"loc":{"start":{"line":93,"column":8},"end":{"line":94,"column":null}},"type":"if","locations":[{"start":{"line":93,"column":8},"end":{"line":94,"column":null}},{"start":{},"end":{}}],"line":93}},"s":{"0":1,"1":0,"2":0,"3":0,"4":0,"5":0,"6":0,"7":0,"8":0,"9":0,"10":0,"11":0,"12":0,"13":0,"14":0,"15":0,"16":0,"17":0,"18":0,"19":0,"20":0,"21":0,"22":0,"23":0,"24":0,"25":0,"26":0,"27":0,"28":0,"29":0,"30":0,"31":0,"32":0,"33":0,"34":0},"f":{"0":0,"1":0,"2":0,"3":0,"4":0,"5":0,"6":0,"7":0,"8":0,"9":0},"b":{"0":[0,0],"1":[0,0],"2":[0,0],"3":[0,0],"4":[0,0]},"meta":{"lastBranch":5,"lastFunction":10,"lastStatement":35,"seen":{"s:6:29:6:62":0,"f:8:17:8:44":0,"s:9:8:9:Infinity":1,"f:12:17:12:26":1,"s:13:8:13:Infinity":2,"s:14:21:14:98":3,"b:15:8:16:Infinity:undefined:undefined:undefined:undefined":0,"s:15:8:16:Infinity":4,"s:16:12:16:Infinity":5,"s:18:8:18:Infinity":6,"f:21:17:21:24":2,"s:22:25:22:57":7,"s:23:8:23:Infinity":8,"s:24:8:24:Infinity":9,"f:28:10:28:31":3,"s:29:8:39:Infinity":10,"f:42:10:42:30":4,"s:43:8:43:Infinity":11,"s:44:21:44:98":12,"s:45:8:45:Infinity":13,"b:46:8:47:Infinity:undefined:undefined:undefined:undefined":1,"s:46:8:47:Infinity":14,"s:47:12:47:Infinity":15,"s:50:23:50:Infinity":16,"f:50:37:50:44":5,"s:50:49:50:69":17,"s:51:8:55:Infinity":18,"f:58:17:58:36":6,"s:60:21:67:10":19,"b:69:8:70:Infinity:undefined:undefined:undefined:undefined":2,"s:69:8:70:Infinity":20,"s:70:12:70:Infinity":21,"s:73:32:73:80":22,"f:73:46:73:54":7,"s:73:64:73:80":23,"s:75:8:75:Infinity":24,"f:78:17:78:24":8,"s:79:27:79:70":25,"b:81:8:82:Infinity:undefined:undefined:undefined:undefined":3,"s:81:8:82:Infinity":26,"s:82:12:82:Infinity":27,"s:85:31:85:74":28,"s:86:8:86:Infinity":29,"s:87:8:87:Infinity":30,"f:90:17:90:24":9,"s:91:21:91:64":31,"b:93:8:94:Infinity:undefined:undefined:undefined:undefined":4,"s:93:8:94:Infinity":32,"s:94:12:94:Infinity":33,"s:97:8:97:Infinity":34}}}
,"C:\\Users\\Paulo Rezende\\OneDrive\\Área de Trabalho\\Estudos Programação\\INDT\\TESTES\\projeto-typescript-aula\\src\\services\\AuthService.ts": {"path":"C:\\Users\\Paulo Rezende\\OneDrive\\Área de Trabalho\\Estudos Programação\\INDT\\TESTES\\projeto-typescript-aula\\src\\services\\AuthService.ts","statementMap":{"0":{"start":{"line":13,"column":26},"end":{"line":13,"column":67}},"1":{"start":{"line":14,"column":30},"end":{"line":14,"column":70}},"2":{"start":{"line":19,"column":28},"end":{"line":21,"column":10}},"3":{"start":{"line":23,"column":8},"end":{"line":24,"column":null}},"4":{"start":{"line":24,"column":12},"end":{"line":24,"column":null}},"5":{"start":{"line":28,"column":32},"end":{"line":28,"column":78}},"6":{"start":{"line":30,"column":8},"end":{"line":31,"column":null}},"7":{"start":{"line":31,"column":12},"end":{"line":31,"column":null}},"8":{"start":{"line":34,"column":29},"end":{"line":41,"column":10}},"9":{"start":{"line":43,"column":8},"end":{"line":44,"column":null}},"10":{"start":{"line":44,"column":12},"end":{"line":44,"column":null}},"11":{"start":{"line":48,"column":28},"end":{"line":48,"column":64}},"12":{"start":{"line":51,"column":29},"end":{"line":51,"column":91}},"13":{"start":{"line":54,"column":8},"end":{"line":54,"column":null}},"14":{"start":{"line":59,"column":14},"end":{"line":59,"column":38}},"15":{"start":{"line":60,"column":23},"end":{"line":66,"column":10}},"16":{"start":{"line":68,"column":8},"end":{"line":68,"column":null}},"17":{"start":{"line":73,"column":26},"end":{"line":82,"column":null}},"18":{"start":{"line":86,"column":27},"end":{"line":87,"column":null}},"19":{"start":{"line":89,"column":9},"end":{"line":93,"column":null}},"20":{"start":{"line":95,"column":9},"end":{"line":95,"column":null}},"21":{"start":{"line":99,"column":8},"end":{"line":109,"column":null}}},"fnMap":{"0":{"name":"(anonymous_0)","decl":{"start":{"line":16,"column":10},"end":{"line":16,"column":16}},"loc":{"start":{"line":17,"column":14},"end":{"line":54,"column":null}},"line":17},"1":{"name":"(anonymous_1)","decl":{"start":{"line":58,"column":18},"end":{"line":58,"column":37}},"loc":{"start":{"line":58,"column":94},"end":{"line":68,"column":null}},"line":58},"2":{"name":"(anonymous_2)","decl":{"start":{"line":71,"column":18},"end":{"line":71,"column":39}},"loc":{"start":{"line":71,"column":71},"end":{"line":95,"column":null}},"line":71},"3":{"name":"(anonymous_3)","decl":{"start":{"line":98,"column":4},"end":{"line":98,"column":12}},"loc":{"start":{"line":98,"column":57},"end":{"line":109,"column":null}},"line":98}},"branchMap":{"0":{"loc":{"start":{"line":23,"column":8},"end":{"line":24,"column":null}},"type":"if","locations":[{"start":{"line":23,"column":8},"end":{"line":24,"column":null}},{"start":{},"end":{}}],"line":23},"1":{"loc":{"start":{"line":30,"column":8},"end":{"line":31,"column":null}},"type":"if","locations":[{"start":{"line":30,"column":8},"end":{"line":31,"column":null}},{"start":{},"end":{}}],"line":30},"2":{"loc":{"start":{"line":43,"column":8},"end":{"line":44,"column":null}},"type":"if","locations":[{"start":{"line":43,"column":8},"end":{"line":44,"column":null}},{"start":{},"end":{}}],"line":43},"3":{"loc":{"start":{"line":86,"column":27},"end":{"line":87,"column":null}},"type":"cond-expr","locations":[{"start":{"line":86,"column":66},"end":{"line":87,"column":40}},{"start":{"line":87,"column":43},"end":{"line":87,"column":null}}],"line":86}},"s":{"0":1,"1":1,"2":0,"3":0,"4":0,"5":0,"6":0,"7":0,"8":0,"9":0,"10":0,"11":0,"12":0,"13":0,"14":0,"15":0,"16":0,"17":0,"18":0,"19":0,"20":0,"21":0},"f":{"0":0,"1":0,"2":0,"3":0},"b":{"0":[0,0],"1":[0,0],"2":[0,0],"3":[0,0]},"meta":{"lastBranch":4,"lastFunction":4,"lastStatement":22,"seen":{"s:13:26:13:67":0,"s:14:30:14:70":1,"f:16:10:16:16":0,"s:19:28:21:10":2,"b:23:8:24:Infinity:undefined:undefined:undefined:undefined":0,"s:23:8:24:Infinity":3,"s:24:12:24:Infinity":4,"s:28:32:28:78":5,"b:30:8:31:Infinity:undefined:undefined:undefined:undefined":1,"s:30:8:31:Infinity":6,"s:31:12:31:Infinity":7,"s:34:29:41:10":8,"b:43:8:44:Infinity:undefined:undefined:undefined:undefined":2,"s:43:8:44:Infinity":9,"s:44:12:44:Infinity":10,"s:48:28:48:64":11,"s:51:29:51:91":12,"s:54:8:54:Infinity":13,"f:58:18:58:37":1,"s:59:14:59:38":14,"s:60:23:66:10":15,"s:68:8:68:Infinity":16,"f:71:18:71:39":2,"s:73:26:82:Infinity":17,"s:86:27:87:Infinity":18,"b:86:66:87:40:87:43:87:Infinity":3,"s:89:9:93:Infinity":19,"s:95:9:95:Infinity":20,"f:98:4:98:12":3,"s:99:8:109:Infinity":21}}}
,"C:\\Users\\Paulo Rezende\\OneDrive\\Área de Trabalho\\Estudos Programação\\INDT\\TESTES\\projeto-typescript-aula\\src\\services\\LeituraService.ts": {"path":"C:\\Users\\Paulo Rezende\\OneDrive\\Área de Trabalho\\Estudos Programação\\INDT\\TESTES\\projeto-typescript-aula\\src\\services\\LeituraService.ts","statementMap":{"0":{"start":{"line":8,"column":32},"end":{"line":8,"column":68}},"1":{"start":{"line":9,"column":31},"end":{"line":9,"column":66}},"2":{"start":{"line":12,"column":8},"end":{"line":16,"column":null}},"3":{"start":{"line":20,"column":24},"end":{"line":20,"column":70}},"4":{"start":{"line":22,"column":8},"end":{"line":23,"column":null}},"5":{"start":{"line":23,"column":12},"end":{"line":23,"column":null}},"6":{"start":{"line":26,"column":8},"end":{"line":26,"column":null}},"7":{"start":{"line":31,"column":23},"end":{"line":31,"column":93}},"8":{"start":{"line":33,"column":8},"end":{"line":34,"column":null}},"9":{"start":{"line":34,"column":12},"end":{"line":34,"column":null}},"10":{"start":{"line":37,"column":28},"end":{"line":42,"column":10}},"11":{"start":{"line":43,"column":8},"end":{"line":43,"column":null}},"12":{"start":{"line":44,"column":8},"end":{"line":44,"column":null}},"13":{"start":{"line":48,"column":30},"end":{"line":48,"column":76}},"14":{"start":{"line":50,"column":8},"end":{"line":51,"column":null}},"15":{"start":{"line":51,"column":12},"end":{"line":51,"column":null}},"16":{"start":{"line":54,"column":27},"end":{"line":54,"column":62}},"17":{"start":{"line":55,"column":34},"end":{"line":55,"column":89}},"18":{"start":{"line":57,"column":8},"end":{"line":57,"column":null}},"19":{"start":{"line":58,"column":8},"end":{"line":58,"column":null}},"20":{"start":{"line":62,"column":24},"end":{"line":62,"column":70}},"21":{"start":{"line":64,"column":8},"end":{"line":65,"column":null}},"22":{"start":{"line":65,"column":12},"end":{"line":65,"column":null}},"23":{"start":{"line":68,"column":8},"end":{"line":68,"column":null}},"24":{"start":{"line":72,"column":21},"end":{"line":78,"column":22}},"25":{"start":{"line":80,"column":33},"end":{"line":80,"column":35}},"26":{"start":{"line":81,"column":38},"end":{"line":81,"column":40}},"27":{"start":{"line":82,"column":34},"end":{"line":82,"column":36}},"28":{"start":{"line":84,"column":8},"end":{"line":93,"column":null}},"29":{"start":{"line":85,"column":12},"end":{"line":90,"column":null}},"30":{"start":{"line":92,"column":12},"end":{"line":92,"column":null}},"31":{"start":{"line":93,"column":12},"end":{"line":93,"column":null}},"32":{"start":{"line":96,"column":8},"end":{"line":100,"column":null}}},"fnMap":{"0":{"name":"(anonymous_0)","decl":{"start":{"line":11,"column":17},"end":{"line":11,"column":47}},"loc":{"start":{"line":11,"column":47},"end":{"line":16,"column":null}},"line":11},"1":{"name":"(anonymous_1)","decl":{"start":{"line":19,"column":17},"end":{"line":19,"column":26}},"loc":{"start":{"line":19,"column":56},"end":{"line":26,"column":null}},"line":19},"2":{"name":"(anonymous_2)","decl":{"start":{"line":29,"column":17},"end":{"line":29,"column":24}},"loc":{"start":{"line":29,"column":66},"end":{"line":44,"column":null}},"line":29},"3":{"name":"(anonymous_3)","decl":{"start":{"line":47,"column":17},"end":{"line":47,"column":24}},"loc":{"start":{"line":47,"column":69},"end":{"line":58,"column":null}},"line":47},"4":{"name":"(anonymous_4)","decl":{"start":{"line":61,"column":17},"end":{"line":61,"column":24}},"loc":{"start":{"line":61,"column":51},"end":{"line":68,"column":null}},"line":61},"5":{"name":"(anonymous_5)","decl":{"start":{"line":71,"column":10},"end":{"line":71,"column":32}},"loc":{"start":{"line":71,"column":48},"end":{"line":100,"column":null}},"line":71}},"branchMap":{"0":{"loc":{"start":{"line":22,"column":8},"end":{"line":23,"column":null}},"type":"if","locations":[{"start":{"line":22,"column":8},"end":{"line":23,"column":null}},{"start":{},"end":{}}],"line":22},"1":{"loc":{"start":{"line":33,"column":8},"end":{"line":34,"column":null}},"type":"if","locations":[{"start":{"line":33,"column":8},"end":{"line":34,"column":null}},{"start":{},"end":{}}],"line":33},"2":{"loc":{"start":{"line":50,"column":8},"end":{"line":51,"column":null}},"type":"if","locations":[{"start":{"line":50,"column":8},"end":{"line":51,"column":null}},{"start":{},"end":{}}],"line":50},"3":{"loc":{"start":{"line":64,"column":8},"end":{"line":65,"column":null}},"type":"if","locations":[{"start":{"line":64,"column":8},"end":{"line":65,"column":null}},{"start":{},"end":{}}],"line":64}},"s":{"0":1,"1":1,"2":0,"3":0,"4":0,"5":0,"6":0,"7":0,"8":0,"9":0,"10":0,"11":0,"12":0,"13":0,"14":0,"15":0,"16":0,"17":0,"18":0,"19":0,"20":0,"21":0,"22":0,"23":0,"24":0,"25":0,"26":0,"27":0,"28":0,"29":0,"30":0,"31":0,"32":0},"f":{"0":0,"1":0,"2":0,"3":0,"4":0,"5":0},"b":{"0":[0,0],"1":[0,0],"2":[0,0],"3":[0,0]},"meta":{"lastBranch":4,"lastFunction":6,"lastStatement":33,"seen":{"s:8:32:8:68":0,"s:9:31:9:66":1,"f:11:17:11:47":0,"s:12:8:16:Infinity":2,"f:19:17:19:26":1,"s:20:24:20:70":3,"b:22:8:23:Infinity:undefined:undefined:undefined:undefined":0,"s:22:8:23:Infinity":4,"s:23:12:23:Infinity":5,"s:26:8:26:Infinity":6,"f:29:17:29:24":2,"s:31:23:31:93":7,"b:33:8:34:Infinity:undefined:undefined:undefined:undefined":1,"s:33:8:34:Infinity":8,"s:34:12:34:Infinity":9,"s:37:28:42:10":10,"s:43:8:43:Infinity":11,"s:44:8:44:Infinity":12,"f:47:17:47:24":3,"s:48:30:48:76":13,"b:50:8:51:Infinity:undefined:undefined:undefined:undefined":2,"s:50:8:51:Infinity":14,"s:51:12:51:Infinity":15,"s:54:27:54:62":16,"s:55:34:55:89":17,"s:57:8:57:Infinity":18,"s:58:8:58:Infinity":19,"f:61:17:61:24":4,"s:62:24:62:70":20,"b:64:8:65:Infinity:undefined:undefined:undefined:undefined":3,"s:64:8:65:Infinity":21,"s:65:12:65:Infinity":22,"s:68:8:68:Infinity":23,"f:71:10:71:32":5,"s:72:21:78:22":24,"s:80:33:80:35":25,"s:81:38:81:40":26,"s:82:34:82:36":27,"s:84:8:93:Infinity":28,"s:85:12:90:Infinity":29,"s:92:12:92:Infinity":30,"s:93:12:93:Infinity":31,"s:96:8:100:Infinity":32}}}
,"C:\\Users\\Paulo Rezende\\OneDrive\\Área de Trabalho\\Estudos Programação\\INDT\\TESTES\\projeto-typescript-aula\\src\\services\\LogoutService.ts": {"path":"C:\\Users\\Paulo Rezende\\OneDrive\\Área de Trabalho\\Estudos Programação\\INDT\\TESTES\\projeto-typescript-aula\\src\\services\\LogoutService.ts","statementMap":{"0":{"start":{"line":9,"column":26},"end":{"line":9,"column":67}},"1":{"start":{"line":12,"column":8},"end":{"line":19,"column":null}},"2":{"start":{"line":13,"column":28},"end":{"line":13,"column":78}},"3":{"start":{"line":14,"column":12},"end":{"line":17,"column":null}},"4":{"start":{"line":19,"column":12},"end":{"line":19,"column":null}},"5":{"start":{"line":24,"column":8},"end":{"line":27,"column":null}}},"fnMap":{"0":{"name":"(anonymous_0)","decl":{"start":{"line":11,"column":14},"end":{"line":11,"column":21}},"loc":{"start":{"line":11,"column":43},"end":{"line":19,"column":null}},"line":11},"1":{"name":"(anonymous_1)","decl":{"start":{"line":23,"column":14},"end":{"line":23,"column":24}},"loc":{"start":{"line":23,"column":40},"end":{"line":27,"column":null}},"line":23}},"branchMap":{},"s":{"0":1,"1":0,"2":0,"3":0,"4":0,"5":0},"f":{"0":0,"1":0},"b":{},"meta":{"lastBranch":0,"lastFunction":2,"lastStatement":6,"seen":{"s:9:26:9:67":0,"f:11:14:11:21":0,"s:12:8:19:Infinity":1,"s:13:28:13:78":2,"s:14:12:17:Infinity":3,"s:19:12:19:Infinity":4,"f:23:14:23:24":1,"s:24:8:27:Infinity":5}}}
,"C:\\Users\\Paulo Rezende\\OneDrive\\Área de Trabalho\\Estudos Programação\\INDT\\TESTES\\projeto-typescript-aula\\src\\services\\PesquisadorService.ts": {"path":"C:\\Users\\Paulo Rezende\\OneDrive\\Área de Trabalho\\Estudos Programação\\INDT\\TESTES\\projeto-typescript-aula\\src\\services\\PesquisadorService.ts","statementMap":{"0":{"start":{"line":7,"column":36},"end":{"line":7,"column":76}},"1":{"start":{"line":10,"column":8},"end":{"line":10,"column":null}},"2":{"start":{"line":14,"column":28},"end":{"line":14,"column":78}},"3":{"start":{"line":16,"column":8},"end":{"line":17,"column":null}},"4":{"start":{"line":17,"column":12},"end":{"line":17,"column":null}},"5":{"start":{"line":20,"column":8},"end":{"line":20,"column":null}},"6":{"start":{"line":25,"column":77},"end":{"line":25,"column":null}},"7":{"start":{"line":28,"column":28},"end":{"line":28,"column":81}},"8":{"start":{"line":29,"column":32},"end":{"line":29,"column":89}},"9":{"start":{"line":31,"column":8},"end":{"line":32,"column":null}},"10":{"start":{"line":32,"column":12},"end":{"line":32,"column":null}},"11":{"start":{"line":35,"column":8},"end":{"line":35,"column":null}},"12":{"start":{"line":37,"column":32},"end":{"line":37,"column":71}},"13":{"start":{"line":38,"column":8},"end":{"line":38,"column":null}},"14":{"start":{"line":39,"column":8},"end":{"line":39,"column":null}},"15":{"start":{"line":43,"column":34},"end":{"line":43,"column":84}},"16":{"start":{"line":45,"column":8},"end":{"line":46,"column":null}},"17":{"start":{"line":46,"column":12},"end":{"line":46,"column":null}},"18":{"start":{"line":49,"column":27},"end":{"line":49,"column":66}},"19":{"start":{"line":50,"column":38},"end":{"line":50,"column":101}},"20":{"start":{"line":52,"column":8},"end":{"line":52,"column":null}},"21":{"start":{"line":53,"column":8},"end":{"line":53,"column":null}},"22":{"start":{"line":57,"column":28},"end":{"line":57,"column":78}},"23":{"start":{"line":59,"column":8},"end":{"line":60,"column":null}},"24":{"start":{"line":60,"column":12},"end":{"line":60,"column":null}},"25":{"start":{"line":63,"column":8},"end":{"line":63,"column":null}}},"fnMap":{"0":{"name":"(anonymous_0)","decl":{"start":{"line":9,"column":17},"end":{"line":9,"column":51}},"loc":{"start":{"line":9,"column":51},"end":{"line":10,"column":null}},"line":9},"1":{"name":"(anonymous_1)","decl":{"start":{"line":13,"column":17},"end":{"line":13,"column":26}},"loc":{"start":{"line":13,"column":60},"end":{"line":20,"column":null}},"line":13},"2":{"name":"(anonymous_2)","decl":{"start":{"line":23,"column":17},"end":{"line":23,"column":24}},"loc":{"start":{"line":23,"column":65},"end":{"line":39,"column":null}},"line":23},"3":{"name":"(anonymous_3)","decl":{"start":{"line":42,"column":17},"end":{"line":42,"column":24}},"loc":{"start":{"line":42,"column":77},"end":{"line":53,"column":null}},"line":42},"4":{"name":"(anonymous_4)","decl":{"start":{"line":56,"column":17},"end":{"line":56,"column":24}},"loc":{"start":{"line":56,"column":51},"end":{"line":63,"column":null}},"line":56}},"branchMap":{"0":{"loc":{"start":{"line":16,"column":8},"end":{"line":17,"column":null}},"type":"if","locations":[{"start":{"line":16,"column":8},"end":{"line":17,"column":null}},{"start":{},"end":{}}],"line":16},"1":{"loc":{"start":{"line":31,"column":8},"end":{"line":32,"column":null}},"type":"if","locations":[{"start":{"line":31,"column":8},"end":{"line":32,"column":null}},{"start":{},"end":{}}],"line":31},"2":{"loc":{"start":{"line":31,"column":12},"end":{"line":31,"column":44}},"type":"binary-expr","locations":[{"start":{"line":31,"column":12},"end":{"line":31,"column":27}},{"start":{"line":31,"column":27},"end"
[...]
ll}},"loc":{"start":{"line":31,"column":18},"end":{"line":31,"column":null}},"line":31},"5":{"name":"(anonymous_5)","decl":{"start":{"line":37,"column":15},"end":{"line":37,"column":null}},"loc":{"start":{"line":38,"column":18},"end":{"line":38,"column":null}},"line":38},"6":{"name":"(anonymous_6)","decl":{"start":{"line":42,"column":19},"end":{"line":42,"column":null}},"loc":{"start":{"line":43,"column":18},"end":{"line":43,"column":null}},"line":43},"7":{"name":"(anonymous_7)","decl":{"start":{"line":47,"column":14},"end":{"line":47,"column":null}},"loc":{"start":{"line":48,"column":18},"end":{"line":48,"column":null}},"line":48}},"branchMap":{"0":{"loc":{"start":{"line":5,"column":18},"end":{"line":5,"column":null}},"type":"cond-expr","locations":[{"start":{"line":5,"column":38},"end":{"line":5,"column":43}},{"start":{"line":5,"column":43},"end":{"line":5,"column":null}}],"line":5},"1":{"loc":{"start":{"line":12,"column":18},"end":{"line":12,"column":null}},"type":"cond-expr","locations":[{"start":{"line":12,"column":47},"end":{"line":12,"column":59}},{"start":{"line":12,"column":59},"end":{"line":12,"column":null}}],"line":12},"2":{"loc":{"start":{"line":12,"column":18},"end":{"line":12,"column":47}},"type":"binary-expr","locations":[{"start":{"line":12,"column":18},"end":{"line":12,"column":32}},{"start":{"line":12,"column":32},"end":{"line":12,"column":47}}],"line":12},"3":{"loc":{"start":{"line":17,"column":18},"end":{"line":17,"column":null}},"type":"cond-expr","locations":[{"start":{"line":17,"column":38},"end":{"line":17,"column":43}},{"start":{"line":17,"column":43},"end":{"line":17,"column":null}}],"line":17},"4":{"loc":{"start":{"line":24,"column":18},"end":{"line":24,"column":null}},"type":"cond-expr","locations":[{"start":{"line":24,"column":38},"end":{"line":24,"column":43}},{"start":{"line":24,"column":43},"end":{"line":24,"column":null}}],"line":24},"5":{"loc":{"start":{"line":31,"column":18},"end":{"line":31,"column":null}},"type":"cond-expr","locations":[{"start":{"line":31,"column":38},"end":{"line":31,"column":43}},{"start":{"line":31,"column":43},"end":{"line":31,"column":null}}],"line":31},"6":{"loc":{"start":{"line":38,"column":18},"end":{"line":38,"column":null}},"type":"cond-expr","locations":[{"start":{"line":38,"column":38},"end":{"line":38,"column":43}},{"start":{"line":38,"column":43},"end":{"line":38,"column":null}}],"line":38},"7":{"loc":{"start":{"line":43,"column":18},"end":{"line":43,"column":null}},"type":"cond-expr","locations":[{"start":{"line":43,"column":38},"end":{"line":43,"column":43}},{"start":{"line":43,"column":43},"end":{"line":43,"column":null}}],"line":43},"8":{"loc":{"start":{"line":48,"column":18},"end":{"line":48,"column":null}},"type":"cond-expr","locations":[{"start":{"line":48,"column":47},"end":{"line":48,"column":59}},{"start":{"line":48,"column":59},"end":{"line":48,"column":null}}],"line":48},"9":{"loc":{"start":{"line":48,"column":18},"end":{"line":48,"column":47}},"type":"binary-expr","locations":[{"start":{"line":48,"column":18},"end":{"line":48,"column":32}},{"start":{"line":48,"column":32},"end":{"line":48,"column":47}}],"line":48}},"s":{"0":1,"1":0,"2":0,"3":0,"4":0,"5":0,"6":0,"7":0,"8":0},"f":{"0":0,"1":0,"2":0,"3":0,"4":0,"5":0,"6":0,"7":0},"b":{"0":[0,0],"1":[0,0],"2":[0,0],"3":[0,0],"4":[0,0],"5":[0,0],"6":[0,0],"7":[0,0],"8":[0,0],"9":[0,0]},"meta":{"lastBranch":10,"lastFunction":8,"lastStatement":9,"seen":{"s:3:32:51:2":0,"f:4:12:4:Infinity":0,"s:5:18:5:Infinity":1,"b:5:38:5:43:5:43:5:Infinity":0,"f:11:17:11:Infinity":1,"s:12:18:12:Infinity":2,"b:12:47:12:59:12:59:12:Infinity":1,"b:12:18:12:32:12:32:12:47":2,"f:16:13:16:Infinity":2,"s:17:18:17:Infinity":3,"b:17:38:17:43:17:43:17:Infinity":3,"f:23:16:23:Infinity":3,"s:24:18:24:Infinity":4,"b:24:38:24:43:24:43:24:Infinity":4,"f:30:17:30:Infinity":4,"s:31:18:31:Infinity":5,"b:31:38:31:43:31:43:31:Infinity":5,"f:37:15:37:Infinity":5,"s:38:18:38:Infinity":6,"b:38:38:38:43:38:43:38:Infinity":6,"f:42:19:42:Infinity":6,"s:43:18:43:Infinity":7,"b:43:38:43:43:43:43:43:Infinity":7,"f:47:14:47:Infinity":7,"s:48:18:48:Infinity":8,"b:48:47:48:59:48:59:48:Infinity":8,"b:48:18:48:32:48:32:48:47":9}}}
,"C:\\Users\\Paulo Rezende\\OneDrive\\Área de Trabalho\\Estudos Programação\\INDT\\TESTES\\projeto-typescript-aula\\src\\validats\\createLeituraSchema.ts": {"path":"C:\\Users\\Paulo Rezende\\OneDrive\\Área de Trabalho\\Estudos Programação\\INDT\\TESTES\\projeto-typescript-aula\\src\\validats\\createLeituraSchema.ts","statementMap":{"0":{"start":{"line":3,"column":35},"end":{"line":21,"column":2}},"1":{"start":{"line":5,"column":18},"end":{"line":5,"column":null}},"2":{"start":{"line":12,"column":18},"end":{"line":12,"column":null}},"3":{"start":{"line":20,"column":24},"end":{"line":20,"column":46}}},"fnMap":{"0":{"name":"(anonymous_0)","decl":{"start":{"line":4,"column":15},"end":{"line":4,"column":null}},"loc":{"start":{"line":5,"column":18},"end":{"line":5,"column":null}},"line":5},"1":{"name":"(anonymous_1)","decl":{"start":{"line":11,"column":19},"end":{"line":11,"column":null}},"loc":{"start":{"line":12,"column":18},"end":{"line":12,"column":null}},"line":12},"2":{"name":"(anonymous_2)","decl":{"start":{"line":20,"column":7},"end":{"line":20,"column":15}},"loc":{"start":{"line":20,"column":24},"end":{"line":20,"column":46}},"line":20}},"branchMap":{"0":{"loc":{"start":{"line":5,"column":18},"end":{"line":5,"column":null}},"type":"cond-expr","locations":[{"start":{"line":5,"column":38},"end":{"line":5,"column":43}},{"start":{"line":5,"column":43},"end":{"line":5,"column":null}}],"line":5},"1":{"loc":{"start":{"line":12,"column":18},"end":{"line":12,"column":null}},"type":"cond-expr","locations":[{"start":{"line":12,"column":38},"end":{"line":12,"column":43}},{"start":{"line":12,"column":43},"end":{"line":12,"column":null}}],"line":12}},"s":{"0":1,"1":0,"2":0,"3":0},"f":{"0":0,"1":0,"2":0},"b":{"0":[0,0],"1":[0,0]},"meta":{"lastBranch":2,"lastFunction":3,"lastStatement":4,"seen":{"s:3:35:21:2":0,"f:4:15:4:Infinity":0,"s:5:18:5:Infinity":1,"b:5:38:5:43:5:43:5:Infinity":0,"f:11:19:11:Infinity":1,"s:12:18:12:Infinity":2,"b:12:38:12:43:12:43:12:Infinity":1,"f:20:7:20:15":2,"s:20:24:20:46":3}}}
,"C:\\Users\\Paulo Rezende\\OneDrive\\Área de Trabalho\\Estudos Programação\\INDT\\TESTES\\projeto-typescript-aula\\src\\validats\\createPesquisadorSchema.ts": {"path":"C:\\Users\\Paulo Rezende\\OneDrive\\Área de Trabalho\\Estudos Programação\\INDT\\TESTES\\projeto-typescript-aula\\src\\validats\\createPesquisadorSchema.ts","statementMap":{"0":{"start":{"line":3,"column":39},"end":{"line":43,"column":2}},"1":{"start":{"line":5,"column":18},"end":{"line":5,"column":null}},"2":{"start":{"line":10,"column":18},"end":{"line":10,"column":null}},"3":{"start":{"line":14,"column":18},"end":{"line":14,"column":null}},"4":{"start":{"line":18,"column":18},"end":{"line":18,"column":null}},"5":{"start":{"line":27,"column":18},"end":{"line":27,"column":null}},"6":{"start":{"line":32,"column":18},"end":{"line":32,"column":null}},"7":{"start":{"line":37,"column":18},"end":{"line":37,"column":null}},"8":{"start":{"line":40,"column":29},"end":{"line":40,"column":52}}},"fnMap":{"0":{"name":"(anonymous_0)","decl":{"start":{"line":4,"column":12},"end":{"line":4,"column":null}},"loc":{"start":{"line":5,"column":18},"end":{"line":5,"column":null}},"line":5},"1":{"name":"(anonymous_1)","decl":{"start":{"line":9,"column":13},"end":{"line":9,"column":null}},"loc":{"start":{"line":10,"column":18},"end":{"line":10,"column":null}},"line":10},"2":{"name":"(anonymous_2)","decl":{"start":{"line":13,"column":13},"end":{"line":13,"column":null}},"loc":{"start":{"line":14,"column":18},"end":{"line":14,"column":null}},"line":14},"3":{"name":"(anonymous_3)","decl":{"start":{"line":17,"column":21},"end":{"line":17,"column":null}},"loc":{"start":{"line":18,"column":18},"end":{"line":18,"column":null}},"line":18},"4":{"name":"(anonymous_4)","decl":{"start":{"line":26,"column":17},"end":{"line":26,"column":null}},"loc":{"start":{"line":27,"column":18},"end":{"line":27,"column":null}},"line":27},"5":{"name":"(anonymous_5)","decl":{"start":{"line":31,"column":21},"end":{"line":31,"column":null}},"loc":{"start":{"line":32,"column":18},"end":{"line":32,"column":null}},"line":32},"6":{"name":"(anonymous_6)","decl":{"start":{"line":36,"column":22},"end":{"line":36,"column":null}},"loc":{"start":{"line":37,"column":18},"end":{"line":37,"column":null}},"line":37},"7":{"name":"(anonymous_7)","decl":{"start":{"line":40,"column":13},"end":{"line":40,"column":21}},"loc":{"start":{"line":40,"column":29},"end":{"line":40,"column":52}},"line":40}},"branchMap":{"0":{"loc":{"start":{"line":5,"column":18},"end":{"line":5,"column":null}},"type":"cond-expr","locations":[{"start":{"line":5,"column":38},"end":{"line":5,"column":43}},{"start":{"line":5,"column":43},"end":{"line":5,"column":null}}],"line":5},"1":{"loc":{"start":{"line":10,"column":18},"end":{"line":10,"column":null}},"type":"cond-expr","locations":[{"start":{"line":10,"column":38},"end":{"line":10,"column":54}},{"start":{"line":10,"column":57},"end":{"line":10,"column":null}}],"line":10},"2":{"loc":{"start":{"line":14,"column":18},"end":{"line":14,"column":null}},"type":"cond-expr","locations":[{"start":{"line":14,"column":38},"end":{"line":14,"column":42}},{"start":{"line":14,"column":42},"end":{"line":14,"column":null}}],"line":14},"3":{"loc":{"start":{"line":18,"column":18},"end":{"line":18,"column":null}},"type":"cond-expr","locations":[{"start":{"line":18,"column":38},"end":{"line":18,"column":43}},{"start":{"line":18,"column":43},"end":{"line":18,"column":null}}],"line":18},"4":{"loc":{"start":{"line":27,"column":18},"end":{"line":27,"column":null}},"type":"cond-expr","locations":[{"start":{"line":27,"column":38},"end":{"line":27,"column":43}},{"start":{"line":27,"column":43},"end":{"line":27,"column":null}}],"line":27},"5":{"loc":{"start":{"line":32,"column":18},"end":{"line":32,"column":null}},"type":"cond-expr","locations":[{"start":{"line":32,"column":47},"end":{"line":32,"column":59}},{"start":{"line":32,"column":59},"end":{"line":32,"column":null}}],"line":32},"6":{"loc":{"start":{"line":32,"column":18},"end":{"line":32,"column":47}},"type":"binary-expr","locations":[{"start":{"line":32,"column":18},"end":{"line":32,"column":32}},{"start":{"line":32,"column":32},"end":{"line":32,"column":47}}],"line":32},"7":{"loc":{"start":{"line":37,"column":18},"end":{"line":37,"column":null}},"type":"cond-expr","locations":[{"start":{"line":37,"column":52},"end":{"line":37,"column":64}},{"start":{"line":37,"column":64},"end":{"line":37,"column":null}}],"line":37},"8":{"loc":{"start":{"line":37,"column":18},"end":{"line":37,"column":52}},"type":"binary-expr","locations":[{"start":{"line":37,"column":18},"end":{"line":37,"column":39}},{"start":{"line":37,"column":39},"end":{"line":37,"column":52}}],"line":37}},"s":{"0":1,"1":1,"2":1,"3":1,"4":1,"5":1,"6":1,"7":1,"8":0},"f":{"0":1,"1":1,"2":1,"3":1,"4":1,"5":1,"6":1,"7":0},"b":{"0":[1,0],"1":[0,1],"2":[0,1],"3":[1,0],"4":[1,0],"5":[0,1],"6":[1,1],"7":[1,0],"8":[1,0]},"meta":{"lastBranch":9,"lastFunction":8,"lastStatement":9,"seen":{"s:3:39:43:2":0,"f:4:12:4:Infinity":0,"s:5:18:5:Infinity":1,"b:5:38:5:43:5:43:5:Infinity":0,"f:9:13:9:Infinity":1,"s:10:18:10:Infinity":2,"b:10:38:10:54:10:57:10:Infinity":1,"f:13:13:13:Infinity":2,"s:14:18:14:Infinity":3,"b:14:38:14:42:14:42:14:Infinity":2,"f:17:21:17:Infinity":3,"s:18:18:18:Infinity":4,"b:18:38:18:43:18:43:18:Infinity":3,"f:26:17:26:Infinity":4,"s:27:18:27:Infinity":5,"b:27:38:27:43:27:43:27:Infinity":4,"f:31:21:31:Infinity":5,"s:32:18:32:Infinity":6,"b:32:47:32:59:32:59:32:Infinity":5,"b:32:18:32:32:32:32:32:47":6,"f:36:22:36:Infinity":6,"s:37:18:37:Infinity":7,"b:37:52:37:64:37:64:37:Infinity":7,"b:37:18:37:39:37:39:37:52":8,"f:40:13:40:21":7,"s:40:29:40:52":8}}}
,"C:\\Users\\Paulo Rezende\\OneDrive\\Área de Trabalho\\Estudos Programação\\INDT\\TESTES\\projeto-typescript-aula\\src\\validats\\createSensorSchema.ts": {"path":"C:\\Users\\Paulo Rezende\\OneDrive\\Área de Trabalho\\Estudos Programação\\INDT\\TESTES\\projeto-typescript-aula\\src\\validats\\createSensorSchema.ts","statementMap":{"0":{"start":{"line":3,"column":34},"end":{"line":64,"column":2}},"1":{"start":{"line":5,"column":18},"end":{"line":5,"column":null}},"2":{"start":{"line":10,"column":18},"end":{"line":10,"column":null}},"3":{"start":{"line":15,"column":18},"end":{"line":15,"column":null}},"4":{"start":{"line":20,"column":18},"end":{"line":20,"column":null}},"5":{"start":{"line":25,"column":18},"end":{"line":25,"column":null}},"6":{"start":{"line":32,"column":18},"end":{"line":32,"column":null}},"7":{"start":{"line":41,"column":18},"end":{"line":41,"column":null}},"8":{"start":{"line":46,"column":18},"end":{"line":46,"column":null}},"9":{"start":{"line":51,"column":18},"end":{"line":51,"column":null}},"10":{"start":{"line":56,"column":18},"end":{"line":56,"column":null}},"11":{"start":{"line":61,"column":18},"end":{"line":61,"column":null}}},"fnMap":{"0":{"name":"(anonymous_0)","decl":{"start":{"line":4,"column":20},"end":{"line":4,"column":null}},"loc":{"start":{"line":5,"column":18},"end":{"line":5,"column":null}},"line":5},"1":{"name":"(anonymous_1)","decl":{"start":{"line":9,"column":18},"end":{"line":9,"column":null}},"loc":{"start":{"line":10,"column":18},"end":{"line":10,"column":null}},"line":10},"2":{"name":"(anonymous_2)","decl":{"start":{"line":14,"column":14},"end":{"line":14,"column":null}},"loc":{"start":{"line":15,"column":18},"end":{"line":15,"column":null}},"line":15},"3":{"name":"(anonymous_3)","decl":{"start":{"line":19,"column":12},"end":{"line":19,"column":null}},"loc":{"start":{"line":20,"column":18},"end":{"line":20,"column":null}},"line":20},"4":{"name":"(anonymous_4)","decl":{"start":{"line":24,"column":14},"end":{"line":24,"column":null}},"loc":{"start":{"line":25,"column":18},"end":{"line":25,"column":null}},"line":25},"5":{"name":"(anonymous_5)","decl":{"start":{"line":31,"column":14},"end":{"line":31,"column":null}},"loc":{"start":{"line":32,"column":18},"end":{"line":32,"column":null}},"line":32},"6":{"name":"(anonymous_6)","decl":{"start":{"line":40,"column":22},"end":{"line":40,"column":null}},"loc":{"start":{"line":41,"column":18},"end":{"line":41,"column":null}},"line":41},"7":{"name":"(anonymous_7)","decl":{"start":{"line":45,"column":20},"end":{"line":45,"column":null}},"loc":{"start":{"line":46,"column":18},"end":{"line":46,"column":null}},"line":46},"8":{"name":"(anonymous_8)","decl":{"start":{"line":50,"column":16},"end":{"line":50,"column":null}},"loc":{"start":{"line":51,"column":18},"end":{"line":51,"column":null}},"line":51},"9":{"name":"(anonymous_9)","decl":{"start":{"line":55,"column":17},"end":{"line":55,"column":null}},"loc":{"start":{"line":56,"column":18},"end":{"line":56,"column":null}},"line":56},"10":{"name":"(anonymous_10)","decl":{"start":{"line":60,"column":18},"end":{"line":60,"column":null}},"loc":{"start":{"line":61,"column":18},"end":{"line":61,"column":null}},"line":61}},"branchMap":{"0":{"loc":{"start":{"line":5,"column":18},"end":{"line":5,"column":null}},"type":"cond-expr","locations":[{"start":{"line":5,"column":38},"end":{"line":5,"column":43}},{"start":{"line":5,"column":43},"end":{"line":5,"column":null}}],"line":5},"1":{"loc":{"start":{"line":10,"column":18},"end":{"line":10,"column":null}},"type":"cond-expr","locations":[{"start":{"line":10,"column":38},"end":{"line":10,"column":43}},{"start":{"line":10,"column":43},"end":{"line":10,"column":null}}],"line":10},"2":{"loc":{"start":{"line":15,"column":18},"end":{"line":15,"column":null}},"type":"cond-expr","locations":[{"start":{"line":15,"column":38},"end":{"line":15,"column":43}},{"start":{"line":15,"column":43},"end":{"line":15,"column":null}}],"line":15},"3":{"loc":{"start":{"line":20,"column":18},"end":{"line":20,"column":null}},"type":"cond-expr","locations":[{"start":{"line":20,"column":38},"end":{"line":20,"column":43}},{"start":{"line":20,"column":43},"end":{"line":20,"column":null}}],"line":20},"4":{"loc":{"start":{"line":25,"column":18},"end":{"line":25,"column":null}},"type":"cond-expr","locations":[{"start":{"line":25,"column":38},"end":{"line":25,"column":43}},{"start":{"line":25,"column":43},"end":{"line":25,"column":null}}],"line":25},"5":{"loc":{"start":{"line":32,"column":18},"end":{"line":32,"column":null}},"type":"cond-expr","locations":[{"start":{"line":32,"column":47},"end":{"line":32,"column":59}},{"start":{"line":32,"column":59},"end":{"line":32,"column":null}}],"line":32},"6":{"loc":{"start":{"line":32,"column":18},"end":{"line":32,"column":47}},"type":"binary-expr","locations":[{"start":{"line":32,"column":18},"end":{"line":32,"column":32}},{"start":{"line":32,"column":32},"end":{"line":32,"column":47}}],"line":32},"7":{"loc":{"start":{"line":41,"column":18},"end":{"line":41,"column":null}},"type":"cond-expr","locations":[{"start":{"line":41,"column":47},"end":{"line":41,"column":59}},{"start":{"line":41,"column":59},"end":{"line":41,"column":null}}],"line":41},"8":{"loc":{"start":{"line":41,"column":18},"end":{"line":41,"column":47}},"type":"binary-expr","locations":[{"start":{"line":41,"column":18},"end":{"line":41,"column":32}},{"start":{"line":41,"column":32},"end":{"line":41,"column":47}}],"line":41},"9":{"loc":{"start":{"line":46,"column":18},"end":{"line":46,"column":null}},"type":"cond-expr","locations":[{"start":{"line":46,"column":38},"end":{"line":46,"column":43}},{"start":{"line":46,"column":43},"end":{"line":46,"column":null}}],"line":46},"10":{"loc":{"start":{"line":51,"column":18},"end":{"line":51,"column":null}},"type":"cond-expr","locations":[{"start":{"line":51,"column":38},"end":{"line":51,"column":43}},{"start":{"line":51,"column":43},"end":{"line":51,"column":null}}],"line":51},"11":{"loc":{"start":{"line":56,"column":18},"end":{"line":56,"column":null}},"type":"cond-expr","locations":[{"start":{"line":56,"column":38},"end":{"line":56,"column":43}},{"start":{"line":56,"column":43},"end":{"line":56,"column":null}}],"line":56},"12":{"loc":{"start":{"line":61,"column":18},"end":{"line":61,"column":null}},"type":"cond-expr","locations":[{"start":{"line":61,"column":47},"end":{"line":61,"column":59}},{"start":{"line":61,"column":59},"end":{"line":61,"column":null}}],"line":61},"13":{"loc":{"start":{"line":61,"column":18},"end":{"line":61,"column":47}},"type":"binary-expr","locations":[{"start":{"line":61,"column":18},"end":{"line":61,"column":32}},{"start":{"line":61,"column":32},"end":{"line":61,"column":47}}],"line":61}},"s":{"0":1,"1":0,"2":0,"3":0,"4":0,"5":0,"6":0,"7":0,"8":0,"9":0,"10":0,"11":0},"f":{"0":0,"1":0,"2":0,"3":0,"4":0,"5":0,"6":0,"7":0,"8":0,"9":0,"10":0},"b":{"0":[0,0],"1":[0,0],"2":[0,0],"3":[0,0],"4":[0,0],"5":[0,0],"6":[0,0],"7":[0,0],"8":[0,0],"9":[0,0],"10":[0,0],"11":[0,0],"12":[0,0],"13":[0,0]},"meta":{"lastBranch":14,"lastFunction":11,"lastStatement":12,"seen":{"s:3:34:64:2":0,"f:4:20:4:Infinity":0,"s:5:18:5:Infinity":1,"b:5:38:5:43:5:43:5:Infinity":0,"f:9:18:9:Infinity":1,"s:10:18:10:Infinity":2,"b:10:38:10:43:10:43:10:Infinity":1,"f:14:14:14:Infinity":2,"s:15:18:15:Infinity":3,"b:15:38:15:43:15:43:15:Infinity":2,"f:19:12:19:Infinity":3,"s:20:18:20:Infinity":4,"b:20:38:20:43:20:43:20:Infinity":3,"f:24:14:24:Infinity":4,"s:25:18:25:Infinity":5,"b:25:38:25:43:25:43:25:Infinity":4,"f:31:14:31:Infinity":5,"s:32:18:32:Infinity":6,"b:32:47:32:59:32:59:32:Infinity":5,"b:32:18:32:32:32:32:32:47":6,"f:40:22:40:Infinity":6,"s:41:18:41:Infinity":7,"b:41:47:41:59:41:59:41:Infinity":7,"b:41:18:41:32:41:32:41:47":8,"f:45:20:45:Infinity":7,"s:46:18:46:Infinity":8,"b:46:38:46:43:46:43:46:Infinity":9,"f:50:16:50:Infinity":8,"s:51:18:51:Infinity":9,"b:51:38:51:43:51:43:51:Infinity":10,"f:55:17:55:Infinity":9,"s:56:18:56:Infinity":10,"b:56:38:56:43:56:43:56:Infinity":11,"f:60:18:60:Infinity":10,"s:61:18:61:Infinity":11,"b:61:47:61:59:61:59:61:Infinity":12,"b:61:18:61:32:61:32:61:47":13}}}
}
